<?xml version="1.0" encoding="UTF-8"?>
<robot generator="Robot 3.2.2 (Python 3.8.5 on win32)" generated="20210113 09:38:17.078" rpa="false">
<suite id="s1" name="OMSlive" source="C:\EclipsePortable-All-cpf\EclipsePortable\Data\workspace\OMSlive\Tests\OMSlive.robot">
<test id="s1-t1" name="OMS Live Stock">
<kw name="Open App" library="OpenApp">
<kw name="Open Application" library="AppiumLibrary">
<doc>Opens a new application to given Appium server.
Capabilities of appium server, Android and iOS,
Please check https://github.com/appium/appium/blob/master/docs/en/writing-running-appium/server-args.md
| *Option*            | *Man.* | *Description*     |
| remote_url          | Yes    | Appium server url |
| alias               | no     | alias             |</doc>
<arguments>
<arg>http://localhost:4723/wd/hub</arg>
<arg>platformName=Android</arg>
<arg>deviceName=emulator-5554</arg>
<arg>appPackage=com.cpfit.oms_livestock</arg>
<arg>appActivity=com.example.oms_livestock.MainActivity</arg>
<arg>automationName=Uiautomator2</arg>
</arguments>
<msg timestamp="20210113 09:38:19.295" level="INFO">Could not connect to port 4723 on host localhost</msg>
<msg timestamp="20210113 09:38:19.295" level="INFO">Could not get IP address for host: localhost</msg>
<status status="PASS" starttime="20210113 09:38:17.266" endtime="20210113 09:38:33.084"></status>
</kw>
<status status="PASS" starttime="20210113 09:38:17.266" endtime="20210113 09:38:33.085"></status>
</kw>
<kw name="Login OMS Livestock" library="LoginPage">
<kw name="Click Element with Appium -&gt; ${Btn1} timeout 10 sec." library="AppiumUtils">
<kw name="Wait Until Page Contains Element" library="AppiumLibrary">
<doc>Waits until element specified with `locator` appears on current page.</doc>
<arguments>
<arg>${path}</arg>
<arg>${sec}</arg>
</arguments>
<status status="PASS" starttime="20210113 09:38:33.086" endtime="20210113 09:38:33.628"></status>
</kw>
<kw name="Click Element" library="AppiumLibrary">
<doc>Click element identified by `locator`.</doc>
<arguments>
<arg>${path}</arg>
</arguments>
<msg timestamp="20210113 09:38:33.630" level="INFO">Clicking element 'com.android.permissioncontroller:id/permission_allow_foreground_only_button'.</msg>
<status status="PASS" starttime="20210113 09:38:33.628" endtime="20210113 09:38:33.694"></status>
</kw>
<status status="PASS" starttime="20210113 09:38:33.085" endtime="20210113 09:38:33.694"></status>
</kw>
<kw name="Click Element with Appium -&gt; ${Btn2} timeout 10 sec." library="AppiumUtils">
<kw name="Wait Until Page Contains Element" library="AppiumLibrary">
<doc>Waits until element specified with `locator` appears on current page.</doc>
<arguments>
<arg>${path}</arg>
<arg>${sec}</arg>
</arguments>
<status status="PASS" starttime="20210113 09:38:33.695" endtime="20210113 09:38:33.724"></status>
</kw>
<kw name="Click Element" library="AppiumLibrary">
<doc>Click element identified by `locator`.</doc>
<arguments>
<arg>${path}</arg>
</arguments>
<msg timestamp="20210113 09:38:33.725" level="INFO">Clicking element 'com.android.permissioncontroller:id/permission_allow_button'.</msg>
<status status="PASS" starttime="20210113 09:38:33.724" endtime="20210113 09:38:34.477"></status>
</kw>
<status status="PASS" starttime="20210113 09:38:33.694" endtime="20210113 09:38:34.477"></status>
</kw>
<kw name="Wait Until Page Contains Element" library="AppiumLibrary">
<doc>Waits until element specified with `locator` appears on current page.</doc>
<arguments>
<arg>${Screen}</arg>
<arg>60</arg>
</arguments>
<status status="PASS" starttime="20210113 09:38:34.477" endtime="20210113 09:38:43.638"></status>
</kw>
<kw name="Click Element with Appium -&gt; ${UserId} timeout 10 sec." library="AppiumUtils">
<kw name="Wait Until Page Contains Element" library="AppiumLibrary">
<doc>Waits until element specified with `locator` appears on current page.</doc>
<arguments>
<arg>${path}</arg>
<arg>${sec}</arg>
</arguments>
<status status="PASS" starttime="20210113 09:38:43.638" endtime="20210113 09:38:43.667"></status>
</kw>
<kw name="Click Element" library="AppiumLibrary">
<doc>Click element identified by `locator`.</doc>
<arguments>
<arg>${path}</arg>
</arguments>
<msg timestamp="20210113 09:38:43.669" level="INFO">Clicking element '//android.widget.EditText[@text="User ID"]'.</msg>
<status status="PASS" starttime="20210113 09:38:43.668" endtime="20210113 09:38:43.727"></status>
</kw>
<status status="PASS" starttime="20210113 09:38:43.638" endtime="20210113 09:38:43.727"></status>
</kw>
<kw name="Sleep" library="BuiltIn">
<doc>Pauses the test executed for the given time.</doc>
<arguments>
<arg>2</arg>
</arguments>
<msg timestamp="20210113 09:38:45.734" level="INFO">Slept 2 seconds</msg>
<status status="PASS" starttime="20210113 09:38:43.728" endtime="20210113 09:38:45.734"></status>
</kw>
<kw name="Press Keycode" library="AppiumLibrary">
<doc>Sends a press of keycode to the device.</doc>
<arguments>
<arg>46</arg>
</arguments>
<status status="PASS" starttime="20210113 09:38:45.734" endtime="20210113 09:38:45.793"></status>
</kw>
<kw name="Press Keycode" library="AppiumLibrary">
<doc>Sends a press of keycode to the device.</doc>
<arguments>
<arg>49</arg>
</arguments>
<status status="PASS" starttime="20210113 09:38:45.793" endtime="20210113 09:38:45.841"></status>
</kw>
<kw name="Press Keycode" library="AppiumLibrary">
<doc>Sends a press of keycode to the device.</doc>
<arguments>
<arg>38</arg>
</arguments>
<status status="PASS" starttime="20210113 09:38:45.841" endtime="20210113 09:38:45.893"></status>
</kw>
<kw name="Press Keycode" library="AppiumLibrary">
<doc>Sends a press of keycode to the device.</doc>
<arguments>
<arg>37</arg>
</arguments>
<status status="PASS" starttime="20210113 09:38:45.893" endtime="20210113 09:38:45.944"></status>
</kw>
<kw name="Press Keycode" library="AppiumLibrary">
<doc>Sends a press of keycode to the device.</doc>
<arguments>
<arg>46</arg>
</arguments>
<status status="PASS" starttime="20210113 09:38:45.944" endtime="20210113 09:38:46.795"></status>
</kw>
<kw name="Press Keycode" library="AppiumLibrary">
<doc>Sends a press of keycode to the device.</doc>
<arguments>
<arg>43</arg>
</arguments>
<status status="PASS" starttime="20210113 09:38:46.795" endtime="20210113 09:38:46.842"></status>
</kw>
<kw name="Press Keycode" library="AppiumLibrary">
<doc>Sends a press of keycode to the device.</doc>
<arguments>
<arg>48</arg>
</arguments>
<status status="PASS" starttime="20210113 09:38:46.842" endtime="20210113 09:38:46.894"></status>
</kw>
<kw name="Press Keycode" library="AppiumLibrary">
<doc>Sends a press of keycode to the device.</doc>
<arguments>
<arg>56</arg>
</arguments>
<status status="PASS" starttime="20210113 09:38:46.894" endtime="20210113 09:38:47.693"></status>
</kw>
<kw name="Press Keycode" library="AppiumLibrary">
<doc>Sends a press of keycode to the device.</doc>
<arguments>
<arg>44</arg>
</arguments>
<status status="PASS" starttime="20210113 09:38:47.693" endtime="20210113 09:38:47.760"></status>
</kw>
<kw name="Press Keycode" library="AppiumLibrary">
<doc>Sends a press of keycode to the device.</doc>
<arguments>
<arg>36</arg>
</arguments>
<status status="PASS" starttime="20210113 09:38:47.760" endtime="20210113 09:38:48.395"></status>
</kw>
<kw name="Press Keycode" library="AppiumLibrary">
<doc>Sends a press of keycode to the device.</doc>
<arguments>
<arg>49</arg>
</arguments>
<status status="PASS" starttime="20210113 09:38:48.395" endtime="20210113 09:38:48.441"></status>
</kw>
<kw name="Click Element with Appium -&gt; ${Password} timeout 10 sec." library="AppiumUtils">
<kw name="Wait Until Page Contains Element" library="AppiumLibrary">
<doc>Waits until element specified with `locator` appears on current page.</doc>
<arguments>
<arg>${path}</arg>
<arg>${sec}</arg>
</arguments>
<status status="PASS" starttime="20210113 09:38:48.442" endtime="20210113 09:38:48.986"></status>
</kw>
<kw name="Click Element" library="AppiumLibrary">
<doc>Click element identified by `locator`.</doc>
<arguments>
<arg>${path}</arg>
</arguments>
<msg timestamp="20210113 09:38:48.987" level="INFO">Clicking element '//android.widget.EditText[@text="Password"]'.</msg>
<status status="PASS" starttime="20210113 09:38:48.986" endtime="20210113 09:38:49.044"></status>
</kw>
<status status="PASS" starttime="20210113 09:38:48.442" endtime="20210113 09:38:49.044"></status>
</kw>
<kw name="Sleep" library="BuiltIn">
<doc>Pauses the test executed for the given time.</doc>
<arguments>
<arg>2</arg>
</arguments>
<msg timestamp="20210113 09:38:51.053" level="INFO">Slept 2 seconds</msg>
<status status="PASS" starttime="20210113 09:38:49.044" endtime="20210113 09:38:51.053"></status>
</kw>
<kw name="Press Keycode" library="AppiumLibrary">
<doc>Sends a press of keycode to the device.</doc>
<arguments>
<arg>8</arg>
</arguments>
<status status="PASS" starttime="20210113 09:38:51.053" endtime="20210113 09:38:51.091"></status>
</kw>
<kw name="Press Keycode" library="AppiumLibrary">
<doc>Sends a press of keycode to the device.</doc>
<arguments>
<arg>8</arg>
</arguments>
<status status="PASS" starttime="20210113 09:38:51.091" endtime="20210113 09:38:51.161"></status>
</kw>
<kw name="Press Keycode" library="AppiumLibrary">
<doc>Sends a press of keycode to the device.</doc>
<arguments>
<arg>7</arg>
</arguments>
<status status="PASS" starttime="20210113 09:38:51.161" endtime="20210113 09:38:51.676"></status>
</kw>
<kw name="Press Keycode" library="AppiumLibrary">
<doc>Sends a press of keycode to the device.</doc>
<arguments>
<arg>7</arg>
</arguments>
<status status="PASS" starttime="20210113 09:38:51.677" endtime="20210113 09:38:51.727"></status>
</kw>
<kw name="Press Keycode" library="AppiumLibrary">
<doc>Sends a press of keycode to the device.</doc>
<arguments>
<arg>15</arg>
</arguments>
<status status="PASS" starttime="20210113 09:38:51.727" endtime="20210113 09:38:52.276"></status>
</kw>
<kw name="Press Keycode" library="AppiumLibrary">
<doc>Sends a press of keycode to the device.</doc>
<arguments>
<arg>7</arg>
</arguments>
<status status="PASS" starttime="20210113 09:38:52.276" endtime="20210113 09:38:52.809"></status>
</kw>
<kw name="Press Keycode" library="AppiumLibrary">
<doc>Sends a press of keycode to the device.</doc>
<arguments>
<arg>7</arg>
</arguments>
<status status="PASS" starttime="20210113 09:38:52.809" endtime="20210113 09:38:52.858"></status>
</kw>
<kw name="Press Keycode" library="AppiumLibrary">
<doc>Sends a press of keycode to the device.</doc>
<arguments>
<arg>16</arg>
</arguments>
<status status="PASS" starttime="20210113 09:38:52.859" endtime="20210113 09:38:53.408"></status>
</kw>
<kw name="Press Keycode" library="AppiumLibrary">
<doc>Sends a press of keycode to the device.</doc>
<arguments>
<arg>13</arg>
</arguments>
<status status="PASS" starttime="20210113 09:38:53.408" endtime="20210113 09:38:53.458"></status>
</kw>
<kw name="Press Keycode" library="AppiumLibrary">
<doc>Sends a press of keycode to the device.</doc>
<arguments>
<arg>12</arg>
</arguments>
<status status="PASS" starttime="20210113 09:38:53.458" endtime="20210113 09:38:53.992"></status>
</kw>
<kw name="Press Keycode" library="AppiumLibrary">
<doc>Sends a press of keycode to the device.</doc>
<arguments>
<arg>7</arg>
</arguments>
<status status="PASS" starttime="20210113 09:38:53.992" endtime="20210113 09:38:54.527"></status>
</kw>
<kw name="Press Keycode" library="AppiumLibrary">
<doc>Sends a press of keycode to the device.</doc>
<arguments>
<arg>11</arg>
</arguments>
<status status="PASS" starttime="20210113 09:38:54.527" endtime="20210113 09:38:55.075"></status>
</kw>
<kw name="Press Keycode" library="AppiumLibrary">
<doc>Sends a press of keycode to the device.</doc>
<arguments>
<arg>8</arg>
</arguments>
<status status="PASS" starttime="20210113 09:38:55.075" endtime="20210113 09:38:55.622"></status>
</kw>
<kw name="Press Keycode" library="AppiumLibrary">
<doc>Sends a press of keycode to the device.</doc>
<arguments>
<arg>77</arg>
</arguments>
<status status="PASS" starttime="20210113 09:38:55.622" endtime="20210113 09:38:55.675"></status>
</kw>
<kw name="Press Keycode" library="AppiumLibrary">
<doc>Sends a press of keycode to the device.</doc>
<arguments>
<arg>44</arg>
<arg>1</arg>
</arguments>
<status status="PASS" starttime="20210113 09:38:55.675" endtime="20210113 09:38:56.244"></status>
</kw>
<kw name="Sleep" library="BuiltIn">
<doc>Pauses the test executed for the given time.</doc>
<arguments>
<arg>1s</arg>
</arguments>
<msg timestamp="20210113 09:38:57.249" level="INFO">Slept 1 second</msg>
<status status="PASS" starttime="20210113 09:38:56.244" endtime="20210113 09:38:57.249"></status>
</kw>
<kw name="Click Element with Appium -&gt; ${LoginBtn} timeout 10 sec." library="AppiumUtils">
<kw name="Wait Until Page Contains Element" library="AppiumLibrary">
<doc>Waits until element specified with `locator` appears on current page.</doc>
<arguments>
<arg>${path}</arg>
<arg>${sec}</arg>
</arguments>
<status status="PASS" starttime="20210113 09:38:57.249" endtime="20210113 09:38:57.271"></status>
</kw>
<kw name="Click Element" library="AppiumLibrary">
<doc>Click element identified by `locator`.</doc>
<arguments>
<arg>${path}</arg>
</arguments>
<msg timestamp="20210113 09:38:57.272" level="INFO">Clicking element '//android.view.View[@content-desc="Sign In"]'.</msg>
<status status="PASS" starttime="20210113 09:38:57.271" endtime="20210113 09:38:57.325"></status>
</kw>
<status status="PASS" starttime="20210113 09:38:57.249" endtime="20210113 09:38:57.325"></status>
</kw>
<kw name="Wait Until Page Contains Element" library="AppiumLibrary">
<doc>Waits until element specified with `locator` appears on current page.</doc>
<arguments>
<arg>${Menu}</arg>
<arg>40</arg>
</arguments>
<status status="PASS" starttime="20210113 09:38:57.326" endtime="20210113 09:39:01.200"></status>
</kw>
<status status="PASS" starttime="20210113 09:38:33.085" endtime="20210113 09:39:01.200"></status>
</kw>
<kw name="Weight Manual Test" library="Weight_Manual">
<kw name="Click Element with Appium -&gt; ${Weight_Manual} timeout 10 sec." library="AppiumUtils">
<kw name="Wait Until Page Contains Element" library="AppiumLibrary">
<doc>Waits until element specified with `locator` appears on current page.</doc>
<arguments>
<arg>${path}</arg>
<arg>${sec}</arg>
</arguments>
<status status="PASS" starttime="20210113 09:39:01.201" endtime="20210113 09:39:01.227"></status>
</kw>
<kw name="Click Element" library="AppiumLibrary">
<doc>Click element identified by `locator`.</doc>
<arguments>
<arg>${path}</arg>
</arguments>
<msg timestamp="20210113 09:39:01.229" level="INFO">Clicking element '//android.widget.ImageView[@content-desc="บันทึกชั่งรับวัตถุดิบ Master Factory"]'.</msg>
<status status="PASS" starttime="20210113 09:39:01.228" endtime="20210113 09:39:01.293"></status>
</kw>
<status status="PASS" starttime="20210113 09:39:01.201" endtime="20210113 09:39:01.293"></status>
</kw>
<kw name="Sleep" library="BuiltIn">
<doc>Pauses the test executed for the given time.</doc>
<arguments>
<arg>4</arg>
</arguments>
<msg timestamp="20210113 09:39:05.303" level="INFO">Slept 4 seconds</msg>
<status status="PASS" starttime="20210113 09:39:01.293" endtime="20210113 09:39:05.303"></status>
</kw>
<kw name="Swipe down ${index} in range 10 time" library="AppiumUtils">
<kw name="${start} IN RANGE [ ${amount} ]" type="for">
<kw name="${start} = 0" type="foritem">
<kw name="Swipe" library="AppiumLibrary">
<doc>Swipe from one point to another point, for an optional duration.</doc>
<arguments>
<arg>500</arg>
<arg>1700</arg>
<arg>500</arg>
<arg>700</arg>
<arg>500</arg>
</arguments>
<status status="PASS" starttime="20210113 09:39:05.304" endtime="20210113 09:39:06.254"></status>
</kw>
<status status="PASS" starttime="20210113 09:39:05.304" endtime="20210113 09:39:06.254"></status>
</kw>
<kw name="${start} = 1" type="foritem">
<kw name="Swipe" library="AppiumLibrary">
<doc>Swipe from one point to another point, for an optional duration.</doc>
<arguments>
<arg>500</arg>
<arg>1700</arg>
<arg>500</arg>
<arg>700</arg>
<arg>500</arg>
</arguments>
<status status="PASS" starttime="20210113 09:39:06.256" endtime="20210113 09:39:07.193"></status>
</kw>
<status status="PASS" starttime="20210113 09:39:06.254" endtime="20210113 09:39:07.193"></status>
</kw>
<kw name="${start} = 2" type="foritem">
<kw name="Swipe" library="AppiumLibrary">
<doc>Swipe from one point to another point, for an optional duration.</doc>
<arguments>
<arg>500</arg>
<arg>1700</arg>
<arg>500</arg>
<arg>700</arg>
<arg>500</arg>
</arguments>
<status status="PASS" starttime="20210113 09:39:07.193" endtime="20210113 09:39:08.111"></status>
</kw>
<status status="PASS" starttime="20210113 09:39:07.193" endtime="20210113 09:39:08.111"></status>
</kw>
<kw name="${start} = 3" type="foritem">
<kw name="Swipe" library="AppiumLibrary">
<doc>Swipe from one point to another point, for an optional duration.</doc>
<arguments>
<arg>500</arg>
<arg>1700</arg>
<arg>500</arg>
<arg>700</arg>
<arg>500</arg>
</arguments>
<status status="PASS" starttime="20210113 09:39:08.111" endtime="20210113 09:39:09.032"></status>
</kw>
<status status="PASS" starttime="20210113 09:39:08.111" endtime="20210113 09:39:09.032"></status>
</kw>
<kw name="${start} = 4" type="foritem">
<kw name="Swipe" library="AppiumLibrary">
<doc>Swipe from one point to another point, for an optional duration.</doc>
<arguments>
<arg>500</arg>
<arg>1700</arg>
<arg>500</arg>
<arg>700</arg>
<arg>500</arg>
</arguments>
<status status="PASS" starttime="20210113 09:39:09.032" endtime="20210113 09:39:09.966"></status>
</kw>
<status status="PASS" starttime="20210113 09:39:09.032" endtime="20210113 09:39:09.966"></status>
</kw>
<kw name="${start} = 5" type="foritem">
<kw name="Swipe" library="AppiumLibrary">
<doc>Swipe from one point to another point, for an optional duration.</doc>
<arguments>
<arg>500</arg>
<arg>1700</arg>
<arg>500</arg>
<arg>700</arg>
<arg>500</arg>
</arguments>
<status status="PASS" starttime="20210113 09:39:09.967" endtime="20210113 09:39:10.862"></status>
</kw>
<status status="PASS" starttime="20210113 09:39:09.966" endtime="20210113 09:39:10.862"></status>
</kw>
<kw name="${start} = 6" type="foritem">
<kw name="Swipe" library="AppiumLibrary">
<doc>Swipe from one point to another point, for an optional duration.</doc>
<arguments>
<arg>500</arg>
<arg>1700</arg>
<arg>500</arg>
<arg>700</arg>
<arg>500</arg>
</arguments>
<status status="PASS" starttime="20210113 09:39:10.862" endtime="20210113 09:39:11.779"></status>
</kw>
<status status="PASS" starttime="20210113 09:39:10.862" endtime="20210113 09:39:11.779"></status>
</kw>
<kw name="${start} = 7" type="foritem">
<kw name="Swipe" library="AppiumLibrary">
<doc>Swipe from one point to another point, for an optional duration.</doc>
<arguments>
<arg>500</arg>
<arg>1700</arg>
<arg>500</arg>
<arg>700</arg>
<arg>500</arg>
</arguments>
<status status="PASS" starttime="20210113 09:39:11.779" endtime="20210113 09:39:12.702"></status>
</kw>
<status status="PASS" starttime="20210113 09:39:11.779" endtime="20210113 09:39:12.702"></status>
</kw>
<kw name="${start} = 8" type="foritem">
<kw name="Swipe" library="AppiumLibrary">
<doc>Swipe from one point to another point, for an optional duration.</doc>
<arguments>
<arg>500</arg>
<arg>1700</arg>
<arg>500</arg>
<arg>700</arg>
<arg>500</arg>
</arguments>
<status status="PASS" starttime="20210113 09:39:12.702" endtime="20210113 09:39:13.631"></status>
</kw>
<status status="PASS" starttime="20210113 09:39:12.702" endtime="20210113 09:39:13.631"></status>
</kw>
<kw name="${start} = 9" type="foritem">
<kw name="Swipe" library="AppiumLibrary">
<doc>Swipe from one point to another point, for an optional duration.</doc>
<arguments>
<arg>500</arg>
<arg>1700</arg>
<arg>500</arg>
<arg>700</arg>
<arg>500</arg>
</arguments>
<status status="PASS" starttime="20210113 09:39:13.631" endtime="20210113 09:39:14.531"></status>
</kw>
<status status="PASS" starttime="20210113 09:39:13.631" endtime="20210113 09:39:14.531"></status>
</kw>
<status status="PASS" starttime="20210113 09:39:05.303" endtime="20210113 09:39:14.531"></status>
</kw>
<status status="PASS" starttime="20210113 09:39:05.303" endtime="20210113 09:39:14.531"></status>
</kw>
<kw name="Click Element with Appium -&gt; ${ChooseBottom} timeout 10 sec." library="AppiumUtils">
<kw name="Wait Until Page Contains Element" library="AppiumLibrary">
<doc>Waits until element specified with `locator` appears on current page.</doc>
<arguments>
<arg>${path}</arg>
<arg>${sec}</arg>
</arguments>
<status status="PASS" starttime="20210113 09:39:14.532" endtime="20210113 09:39:14.564"></status>
</kw>
<kw name="Click Element" library="AppiumLibrary">
<doc>Click element identified by `locator`.</doc>
<arguments>
<arg>${path}</arg>
</arguments>
<msg timestamp="20210113 09:39:14.564" level="INFO">Clicking element '//android.view.View[@index="3"]'.</msg>
<status status="PASS" starttime="20210113 09:39:14.564" endtime="20210113 09:39:14.626"></status>
</kw>
<status status="PASS" starttime="20210113 09:39:14.531" endtime="20210113 09:39:14.626"></status>
</kw>
<kw name="Sleep" library="BuiltIn">
<doc>Pauses the test executed for the given time.</doc>
<arguments>
<arg>2</arg>
</arguments>
<msg timestamp="20210113 09:39:16.627" level="INFO">Slept 2 seconds</msg>
<status status="PASS" starttime="20210113 09:39:14.626" endtime="20210113 09:39:16.627"></status>
</kw>
<kw name="Click Element with Appium -&gt; ${Weight20-25} timeout 10 sec." library="AppiumUtils">
<kw name="Wait Until Page Contains Element" library="AppiumLibrary">
<doc>Waits until element specified with `locator` appears on current page.</doc>
<arguments>
<arg>${path}</arg>
<arg>${sec}</arg>
</arguments>
<status status="PASS" starttime="20210113 09:39:16.627" endtime="20210113 09:39:17.225"></status>
</kw>
<kw name="Click Element" library="AppiumLibrary">
<doc>Click element identified by `locator`.</doc>
<arguments>
<arg>${path}</arg>
</arguments>
<msg timestamp="20210113 09:39:17.226" level="INFO">Clicking element '//android.view.View[@bounds="[16,1518][356,1779]"]'.</msg>
<status status="PASS" starttime="20210113 09:39:17.225" endtime="20210113 09:39:17.802"></status>
</kw>
<status status="PASS" starttime="20210113 09:39:16.627" endtime="20210113 09:39:17.802"></status>
</kw>
<kw name="Click Element with Appium -&gt; ${Weight} timeout 10 sec." library="AppiumUtils">
<kw name="Wait Until Page Contains Element" library="AppiumLibrary">
<doc>Waits until element specified with `locator` appears on current page.</doc>
<arguments>
<arg>${path}</arg>
<arg>${sec}</arg>
</arguments>
<status status="PASS" starttime="20210113 09:39:17.803" endtime="20210113 09:39:17.825"></status>
</kw>
<kw name="Click Element" library="AppiumLibrary">
<doc>Click element identified by `locator`.</doc>
<arguments>
<arg>${path}</arg>
</arguments>
<msg timestamp="20210113 09:39:17.827" level="INFO">Clicking element '//android.widget.EditText[@index="1"]'.</msg>
<status status="PASS" starttime="20210113 09:39:17.825" endtime="20210113 09:39:17.909"></status>
</kw>
<status status="PASS" starttime="20210113 09:39:17.803" endtime="20210113 09:39:17.909"></status>
</kw>
<kw name="Sleep" library="BuiltIn">
<doc>Pauses the test executed for the given time.</doc>
<arguments>
<arg>1</arg>
</arguments>
<msg timestamp="20210113 09:39:18.921" level="INFO">Slept 1 second</msg>
<status status="PASS" starttime="20210113 09:39:17.909" endtime="20210113 09:39:18.921"></status>
</kw>
<kw name="${index1} IN RANGE [ 10 ]" type="for">
<msg timestamp="20210113 09:39:18.922" level="WARN">Error in file 'C:\EclipsePortable-All-cpf\EclipsePortable\Data\workspace\OMSlive\Pages\Weight_Manual.robot' in FOR loop starting on line 30: For loop header ':FOR' is deprecated. Use 'FOR' instead.</msg>
<msg timestamp="20210113 09:39:18.931" level="WARN">Error in file 'C:\EclipsePortable-All-cpf\EclipsePortable\Data\workspace\OMSlive\Pages\Weight_Manual.robot' in FOR loop starting on line 30: Marking for loop body with '\' is deprecated. Remove markers and use 'END' instead.</msg>
<kw name="${index1} = 0" type="foritem">
<kw name="Sleep" library="BuiltIn">
<doc>Pauses the test executed for the given time.</doc>
<arguments>
<arg>0.5</arg>
</arguments>
<msg timestamp="20210113 09:39:19.451" level="INFO">Slept 500 milliseconds</msg>
<status status="PASS" starttime="20210113 09:39:18.935" endtime="20210113 09:39:19.451"></status>
</kw>
<kw name="Press Keycode" library="AppiumLibrary">
<doc>Sends a press of keycode to the device.</doc>
<arguments>
<arg>9</arg>
</arguments>
<status status="PASS" starttime="20210113 09:39:19.451" endtime="20210113 09:39:19.508"></status>
</kw>
<kw name="Press Keycode" library="AppiumLibrary">
<doc>Sends a press of keycode to the device.</doc>
<arguments>
<arg>7</arg>
</arguments>
<status status="PASS" starttime="20210113 09:39:19.508" endtime="20210113 09:39:19.547"></status>
</kw>
<kw name="Click Element with Appium -&gt; ${Accept} timeout 10 sec." library="AppiumUtils">
<kw name="Wait Until Page Contains Element" library="AppiumLibrary">
<doc>Waits until element specified with `locator` appears on current page.</doc>
<arguments>
<arg>${path}</arg>
<arg>${sec}</arg>
</arguments>
<status status="PASS" starttime="20210113 09:39:19.548" endtime="20210113 09:39:20.107"></status>
</kw>
<kw name="Click Element" library="AppiumLibrary">
<doc>Click element identified by `locator`.</doc>
<arguments>
<arg>${path}</arg>
</arguments>
<msg timestamp="20210113 09:39:20.108" level="INFO">Clicking element '//android.view.View[@content-desc="Accept"]'.</msg>
<status status="PASS" starttime="20210113 09:39:20.107" endtime="20210113 09:39:21.101"></status>
</kw>
<status status="PASS" starttime="20210113 09:39:19.547" endtime="20210113 09:39:21.101"></status>
</kw>
<status status="PASS" starttime="20210113 09:39:18.935" endtime="20210113 09:39:21.101"></status>
</kw>
<kw name="${index1} = 1" type="foritem">
<kw name="Sleep" library="BuiltIn">
<doc>Pauses the test executed for the given time.</doc>
<arguments>
<arg>0.5</arg>
</arguments>
<msg timestamp="20210113 09:39:21.608" level="INFO">Slept 500 milliseconds</msg>
<status status="PASS" starttime="20210113 09:39:21.101" endtime="20210113 09:39:21.608"></status>
</kw>
<kw name="Press Keycode" library="AppiumLibrary">
<doc>Sends a press of keycode to the device.</doc>
<arguments>
<arg>9</arg>
</arguments>
<status status="PASS" starttime="20210113 09:39:21.608" endtime="20210113 09:39:21.760"></status>
</kw>
<kw name="Press Keycode" library="AppiumLibrary">
<doc>Sends a press of keycode to the device.</doc>
<arguments>
<arg>7</arg>
</arguments>
<status status="PASS" starttime="20210113 09:39:21.760" endtime="20210113 09:39:21.814"></status>
</kw>
<kw name="Click Element with Appium -&gt; ${Accept} timeout 10 sec." library="AppiumUtils">
<kw name="Wait Until Page Contains Element" library="AppiumLibrary">
<doc>Waits until element specified with `locator` appears on current page.</doc>
<arguments>
<arg>${path}</arg>
<arg>${sec}</arg>
</arguments>
<status status="PASS" starttime="20210113 09:39:21.815" endtime="20210113 09:39:22.403"></status>
</kw>
<kw name="Click Element" library="AppiumLibrary">
<doc>Click element identified by `locator`.</doc>
<arguments>
<arg>${path}</arg>
</arguments>
<msg timestamp="20210113 09:39:22.404" level="INFO">Clicking element '//android.view.View[@content-desc="Accept"]'.</msg>
<status status="PASS" starttime="20210113 09:39:22.403" endtime="20210113 09:39:23.309"></status>
</kw>
<status status="PASS" starttime="20210113 09:39:21.814" endtime="20210113 09:39:23.309"></status>
</kw>
<status status="PASS" starttime="20210113 09:39:21.101" endtime="20210113 09:39:23.309"></status>
</kw>
<kw name="${index1} = 2" type="foritem">
<kw name="Sleep" library="BuiltIn">
<doc>Pauses the test executed for the given time.</doc>
<arguments>
<arg>0.5</arg>
</arguments>
<msg timestamp="20210113 09:39:23.813" level="INFO">Slept 500 milliseconds</msg>
<status status="PASS" starttime="20210113 09:39:23.309" endtime="20210113 09:39:23.813"></status>
</kw>
<kw name="Press Keycode" library="AppiumLibrary">
<doc>Sends a press of keycode to the device.</doc>
<arguments>
<arg>9</arg>
</arguments>
<status status="PASS" starttime="20210113 09:39:23.813" endtime="20210113 09:39:23.861"></status>
</kw>
<kw name="Press Keycode" library="AppiumLibrary">
<doc>Sends a press of keycode to the device.</doc>
<arguments>
<arg>7</arg>
</arguments>
<status status="PASS" starttime="20210113 09:39:23.861" endtime="20210113 09:39:23.913"></status>
</kw>
<kw name="Click Element with Appium -&gt; ${Accept} timeout 10 sec." library="AppiumUtils">
<kw name="Wait Until Page Contains Element" library="AppiumLibrary">
<doc>Waits until element specified with `locator` appears on current page.</doc>
<arguments>
<arg>${path}</arg>
<arg>${sec}</arg>
</arguments>
<status status="PASS" starttime="20210113 09:39:23.913" endtime="20210113 09:39:24.445"></status>
</kw>
<kw name="Click Element" library="AppiumLibrary">
<doc>Click element identified by `locator`.</doc>
<arguments>
<arg>${path}</arg>
</arguments>
<msg timestamp="20210113 09:39:24.446" level="INFO">Clicking element '//android.view.View[@content-desc="Accept"]'.</msg>
<status status="PASS" starttime="20210113 09:39:24.445" endtime="20210113 09:39:25.363"></status>
</kw>
<status status="PASS" starttime="20210113 09:39:23.913" endtime="20210113 09:39:25.364"></status>
</kw>
<status status="PASS" starttime="20210113 09:39:23.309" endtime="20210113 09:39:25.364"></status>
</kw>
<kw name="${index1} = 3" type="foritem">
<kw name="Sleep" library="BuiltIn">
<doc>Pauses the test executed for the given time.</doc>
<arguments>
<arg>0.5</arg>
</arguments>
<msg timestamp="20210113 09:39:25.872" level="INFO">Slept 500 milliseconds</msg>
<status status="PASS" starttime="20210113 09:39:25.364" endtime="20210113 09:39:25.872"></status>
</kw>
<kw name="Press Keycode" library="AppiumLibrary">
<doc>Sends a press of keycode to the device.</doc>
<arguments>
<arg>9</arg>
</arguments>
<status status="PASS" starttime="20210113 09:39:25.873" endtime="20210113 09:39:25.929"></status>
</kw>
<kw name="Press Keycode" library="AppiumLibrary">
<doc>Sends a press of keycode to the device.</doc>
<arguments>
<arg>7</arg>
</arguments>
<status status="PASS" starttime="20210113 09:39:25.929" endtime="20210113 09:39:25.976"></status>
</kw>
<kw name="Click Element with Appium -&gt; ${Accept} timeout 10 sec." library="AppiumUtils">
<kw name="Wait Until Page Contains Element" library="AppiumLibrary">
<doc>Waits until element specified with `locator` appears on current page.</doc>
<arguments>
<arg>${path}</arg>
<arg>${sec}</arg>
</arguments>
<status status="PASS" starttime="20210113 09:39:25.977" endtime="20210113 09:39:26.508"></status>
</kw>
<kw name="Click Element" library="AppiumLibrary">
<doc>Click element identified by `locator`.</doc>
<arguments>
<arg>${path}</arg>
</arguments>
<msg timestamp="20210113 09:39:26.510" level="INFO">Clicking element '//android.view.View[@content-desc="Accept"]'.</msg>
<status status="PASS" starttime="20210113 09:39:26.509" endtime="20210113 09:39:27.493"></status>
</kw>
<status status="PASS" starttime="20210113 09:39:25.977" endtime="20210113 09:39:27.493"></status>
</kw>
<status status="PASS" starttime="20210113 09:39:25.364" endtime="20210113 09:39:27.493"></status>
</kw>
<kw name="${index1} = 4" type="foritem">
<kw name="Sleep" library="BuiltIn">
<doc>Pauses the test executed for the given time.</doc>
<arguments>
<arg>0.5</arg>
</arguments>
<msg timestamp="20210113 09:39:27.998" level="INFO">Slept 500 milliseconds</msg>
<status status="PASS" starttime="20210113 09:39:27.493" endtime="20210113 09:39:27.998"></status>
</kw>
<kw name="Press Keycode" library="AppiumLibrary">
<doc>Sends a press of keycode to the device.</doc>
<arguments>
<arg>9</arg>
</arguments>
<status status="PASS" starttime="20210113 09:39:27.998" endtime="20210113 09:39:28.043"></status>
</kw>
<kw name="Press Keycode" library="AppiumLibrary">
<doc>Sends a press of keycode to the device.</doc>
<arguments>
<arg>7</arg>
</arguments>
<status status="PASS" starttime="20210113 09:39:28.043" endtime="20210113 09:39:28.092"></status>
</kw>
<kw name="Click Element with Appium -&gt; ${Accept} timeout 10 sec." library="AppiumUtils">
<kw name="Wait Until Page Contains Element" library="AppiumLibrary">
<doc>Waits until element specified with `locator` appears on current page.</doc>
<arguments>
<arg>${path}</arg>
<arg>${sec}</arg>
</arguments>
<status status="PASS" starttime="20210113 09:39:28.093" endtime="20210113 09:39:28.621"></status>
</kw>
<kw name="Click Element" library="AppiumLibrary">
<doc>Click element identified by `locator`.</doc>
<arguments>
<arg>${path}</arg>
</arguments>
<msg timestamp="20210113 09:39:28.622" level="INFO">Clicking element '//android.view.View[@content-desc="Accept"]'.</msg>
<status status="PASS" starttime="20210113 09:39:28.621" endtime="20210113 09:39:29.590"></status>
</kw>
<status status="PASS" starttime="20210113 09:39:28.092" endtime="20210113 09:39:29.590"></status>
</kw>
<status status="PASS" starttime="20210113 09:39:27.493" endtime="20210113 09:39:29.590"></status>
</kw>
<kw name="${index1} = 5" type="foritem">
<kw name="Sleep" library="BuiltIn">
<doc>Pauses the test executed for the given time.</doc>
<arguments>
<arg>0.5</arg>
</arguments>
<msg timestamp="20210113 09:39:30.098" level="INFO">Slept 500 milliseconds</msg>
<status status="PASS" starttime="20210113 09:39:29.590" endtime="20210113 09:39:30.098"></status>
</kw>
<kw name="Press Keycode" library="AppiumLibrary">
<doc>Sends a press of keycode to the device.</doc>
<arguments>
<arg>9</arg>
</arguments>
<status status="PASS" starttime="20210113 09:39:30.098" endtime="20210113 09:39:30.159"></status>
</kw>
<kw name="Press Keycode" library="AppiumLibrary">
<doc>Sends a press of keycode to the device.</doc>
<arguments>
<arg>7</arg>
</arguments>
<status status="PASS" starttime="20210113 09:39:30.159" endtime="20210113 09:39:30.227"></status>
</kw>
<kw name="Click Element with Appium -&gt; ${Accept} timeout 10 sec." library="AppiumUtils">
<kw name="Wait Until Page Contains Element" library="AppiumLibrary">
<doc>Waits until element specified with `locator` appears on current page.</doc>
<arguments>
<arg>${path}</arg>
<arg>${sec}</arg>
</arguments>
<status status="PASS" starttime="20210113 09:39:30.228" endtime="20210113 09:39:30.749"></status>
</kw>
<kw name="Click Element" library="AppiumLibrary">
<doc>Click element identified by `locator`.</doc>
<arguments>
<arg>${path}</arg>
</arguments>
<msg timestamp="20210113 09:39:30.750" level="INFO">Clicking element '//android.view.View[@content-desc="Accept"]'.</msg>
<status status="PASS" starttime="20210113 09:39:30.749" endtime="20210113 09:39:31.643"></status>
</kw>
<status status="PASS" starttime="20210113 09:39:30.228" endtime="20210113 09:39:31.643"></status>
</kw>
<status status="PASS" starttime="20210113 09:39:29.590" endtime="20210113 09:39:31.644"></status>
</kw>
<kw name="${index1} = 6" type="foritem">
<kw name="Sleep" library="BuiltIn">
<doc>Pauses the test executed for the given time.</doc>
<arguments>
<arg>0.5</arg>
</arguments>
<msg timestamp="20210113 09:39:32.155" level="INFO">Slept 500 milliseconds</msg>
<status status="PASS" starttime="20210113 09:39:31.644" endtime="20210113 09:39:32.155"></status>
</kw>
<kw name="Press Keycode" library="AppiumLibrary">
<doc>Sends a press of keycode to the device.</doc>
<arguments>
<arg>9</arg>
</arguments>
<status status="PASS" starttime="20210113 09:39:32.155" endtime="20210113 09:39:32.212"></status>
</kw>
<kw name="Press Keycode" library="AppiumLibrary">
<doc>Sends a press of keycode to the device.</doc>
<arguments>
<arg>7</arg>
</arguments>
<status status="PASS" starttime="20210113 09:39:32.212" endtime="20210113 09:39:32.262"></status>
</kw>
<kw name="Click Element with Appium -&gt; ${Accept} timeout 10 sec." library="AppiumUtils">
<kw name="Wait Until Page Contains Element" library="AppiumLibrary">
<doc>Waits until element specified with `locator` appears on current page.</doc>
<arguments>
<arg>${path}</arg>
<arg>${sec}</arg>
</arguments>
<status status="PASS" starttime="20210113 09:39:32.263" endtime="20210113 09:39:32.793"></status>
</kw>
<kw name="Click Element" library="AppiumLibrary">
<doc>Click element identified by `locator`.</doc>
<arguments>
<arg>${path}</arg>
</arguments>
<msg timestamp="20210113 09:39:32.794" level="INFO">Clicking element '//android.view.View[@content-desc="Accept"]'.</msg>
<status status="PASS" starttime="20210113 09:39:32.793" endtime="20210113 09:39:32.861"></status>
</kw>
<status status="PASS" starttime="20210113 09:39:32.262" endtime="20210113 09:39:32.861"></status>
</kw>
<status status="PASS" starttime="20210113 09:39:31.644" endtime="20210113 09:39:32.861"></status>
</kw>
<kw name="${index1} = 7" type="foritem">
<kw name="Sleep" library="BuiltIn">
<doc>Pauses the test executed for the given time.</doc>
<arguments>
<arg>0.5</arg>
</arguments>
<msg timestamp="20210113 09:39:33.373" level="INFO">Slept 500 milliseconds</msg>
<status status="PASS" starttime="20210113 09:39:32.861" endtime="20210113 09:39:33.373"></status>
</kw>
<kw name="Press Keycode" library="AppiumLibrary">
<doc>Sends a press of keycode to the device.</doc>
<arguments>
<arg>9</arg>
</arguments>
<status status="PASS" starttime="20210113 09:39:33.373" endtime="20210113 09:39:33.760"></status>
</kw>
<kw name="Press Keycode" library="AppiumLibrary">
<doc>Sends a press of keycode to the device.</doc>
<arguments>
<arg>7</arg>
</arguments>
<status status="PASS" starttime="20210113 09:39:33.760" endtime="20210113 09:39:33.810"></status>
</kw>
<kw name="Click Element with Appium -&gt; ${Accept} timeout 10 sec." library="AppiumUtils">
<kw name="Wait Until Page Contains Element" library="AppiumLibrary">
<doc>Waits until element specified with `locator` appears on current page.</doc>
<arguments>
<arg>${path}</arg>
<arg>${sec}</arg>
</arguments>
<status status="PASS" starttime="20210113 09:39:33.810" endtime="20210113 09:39:34.345"></status>
</kw>
<kw name="Click Element" library="AppiumLibrary">
<doc>Click element identified by `locator`.</doc>
<arguments>
<arg>${path}</arg>
</arguments>
<msg timestamp="20210113 09:39:34.347" level="INFO">Clicking element '//android.view.View[@content-desc="Accept"]'.</msg>
<status status="PASS" starttime="20210113 09:39:34.345" endtime="20210113 09:39:35.229"></status>
</kw>
<status status="PASS" starttime="20210113 09:39:33.810" endtime="20210113 09:39:35.229"></status>
</kw>
<status status="PASS" starttime="20210113 09:39:32.861" endtime="20210113 09:39:35.229"></status>
</kw>
<kw name="${index1} = 8" type="foritem">
<kw name="Sleep" library="BuiltIn">
<doc>Pauses the test executed for the given time.</doc>
<arguments>
<arg>0.5</arg>
</arguments>
<msg timestamp="20210113 09:39:35.741" level="INFO">Slept 500 milliseconds</msg>
<status status="PASS" starttime="20210113 09:39:35.229" endtime="20210113 09:39:35.741"></status>
</kw>
<kw name="Press Keycode" library="AppiumLibrary">
<doc>Sends a press of keycode to the device.</doc>
<arguments>
<arg>9</arg>
</arguments>
<status status="PASS" starttime="20210113 09:39:35.741" endtime="20210113 09:39:35.843"></status>
</kw>
<kw name="Press Keycode" library="AppiumLibrary">
<doc>Sends a press of keycode to the device.</doc>
<arguments>
<arg>7</arg>
</arguments>
<status status="PASS" starttime="20210113 09:39:35.843" endtime="20210113 09:39:35.892"></status>
</kw>
<kw name="Click Element with Appium -&gt; ${Accept} timeout 10 sec." library="AppiumUtils">
<kw name="Wait Until Page Contains Element" library="AppiumLibrary">
<doc>Waits until element specified with `locator` appears on current page.</doc>
<arguments>
<arg>${path}</arg>
<arg>${sec}</arg>
</arguments>
<status status="PASS" starttime="20210113 09:39:35.892" endtime="20210113 09:39:36.422"></status>
</kw>
<kw name="Click Element" library="AppiumLibrary">
<doc>Click element identified by `locator`.</doc>
<arguments>
<arg>${path}</arg>
</arguments>
<msg timestamp="20210113 09:39:36.422" level="INFO">Clicking element '//android.view.View[@content-desc="Accept"]'.</msg>
<status status="PASS" starttime="20210113 09:39:36.422" endtime="20210113 09:39:37.352"></status>
</kw>
<status status="PASS" starttime="20210113 09:39:35.892" endtime="20210113 09:39:37.352"></status>
</kw>
<status status="PASS" starttime="20210113 09:39:35.229" endtime="20210113 09:39:37.352"></status>
</kw>
<kw name="${index1} = 9" type="foritem">
<kw name="Sleep" library="BuiltIn">
<doc>Pauses the test executed for the given time.</doc>
<arguments>
<arg>0.5</arg>
</arguments>
<msg timestamp="20210113 09:39:37.867" level="INFO">Slept 500 milliseconds</msg>
<status status="PASS" starttime="20210113 09:39:37.353" endtime="20210113 09:39:37.867"></status>
</kw>
<kw name="Press Keycode" library="AppiumLibrary">
<doc>Sends a press of keycode to the device.</doc>
<arguments>
<arg>9</arg>
</arguments>
<status status="PASS" starttime="20210113 09:39:37.867" endtime="20210113 09:39:37.907"></status>
</kw>
<kw name="Press Keycode" library="AppiumLibrary">
<doc>Sends a press of keycode to the device.</doc>
<arguments>
<arg>7</arg>
</arguments>
<status status="PASS" starttime="20210113 09:39:37.907" endtime="20210113 09:39:37.959"></status>
</kw>
<kw name="Click Element with Appium -&gt; ${Accept} timeout 10 sec." library="AppiumUtils">
<kw name="Wait Until Page Contains Element" library="AppiumLibrary">
<doc>Waits until element specified with `locator` appears on current page.</doc>
<arguments>
<arg>${path}</arg>
<arg>${sec}</arg>
</arguments>
<status status="PASS" starttime="20210113 09:39:37.959" endtime="20210113 09:39:38.496"></status>
</kw>
<kw name="Click Element" library="AppiumLibrary">
<doc>Click element identified by `locator`.</doc>
<arguments>
<arg>${path}</arg>
</arguments>
<msg timestamp="20210113 09:39:38.498" level="INFO">Clicking element '//android.view.View[@content-desc="Accept"]'.</msg>
<status status="PASS" starttime="20210113 09:39:38.496" endtime="20210113 09:39:39.458"></status>
</kw>
<status status="PASS" starttime="20210113 09:39:37.959" endtime="20210113 09:39:39.458"></status>
</kw>
<status status="PASS" starttime="20210113 09:39:37.352" endtime="20210113 09:39:39.459"></status>
</kw>
<status status="PASS" starttime="20210113 09:39:18.921" endtime="20210113 09:39:39.459"></status>
</kw>
<kw name="Press Keycode" library="AppiumLibrary">
<doc>Sends a press of keycode to the device.</doc>
<arguments>
<arg>66</arg>
</arguments>
<status status="PASS" starttime="20210113 09:39:39.459" endtime="20210113 09:39:39.511"></status>
</kw>
<kw name="Sleep" library="BuiltIn">
<doc>Pauses the test executed for the given time.</doc>
<arguments>
<arg>1</arg>
</arguments>
<msg timestamp="20210113 09:39:40.527" level="INFO">Slept 1 second</msg>
<status status="PASS" starttime="20210113 09:39:39.511" endtime="20210113 09:39:40.527"></status>
</kw>
<kw name="Click Element with Appium -&gt; ${Weight25-25} timeout 10 sec." library="AppiumUtils">
<kw name="Wait Until Page Contains Element" library="AppiumLibrary">
<doc>Waits until element specified with `locator` appears on current page.</doc>
<arguments>
<arg>${path}</arg>
<arg>${sec}</arg>
</arguments>
<status status="PASS" starttime="20210113 09:39:40.529" endtime="20210113 09:39:40.577"></status>
</kw>
<kw name="Click Element" library="AppiumLibrary">
<doc>Click element identified by `locator`.</doc>
<arguments>
<arg>${path}</arg>
</arguments>
<msg timestamp="20210113 09:39:40.578" level="INFO">Clicking element '//android.view.View[@bounds="[404,1518][744,1779]"]'.</msg>
<status status="PASS" starttime="20210113 09:39:40.577" endtime="20210113 09:39:41.156"></status>
</kw>
<status status="PASS" starttime="20210113 09:39:40.528" endtime="20210113 09:39:41.156"></status>
</kw>
<kw name="Click Element with Appium -&gt; ${Weight} timeout 10 sec." library="AppiumUtils">
<kw name="Wait Until Page Contains Element" library="AppiumLibrary">
<doc>Waits until element specified with `locator` appears on current page.</doc>
<arguments>
<arg>${path}</arg>
<arg>${sec}</arg>
</arguments>
<status status="PASS" starttime="20210113 09:39:41.157" endtime="20210113 09:39:41.176"></status>
</kw>
<kw name="Click Element" library="AppiumLibrary">
<doc>Click element identified by `locator`.</doc>
<arguments>
<arg>${path}</arg>
</arguments>
<msg timestamp="20210113 09:39:41.177" level="INFO">Clicking element '//android.widget.EditText[@index="1"]'.</msg>
<status status="PASS" starttime="20210113 09:39:41.176" endtime="20210113 09:39:41.243"></status>
</kw>
<status status="PASS" starttime="20210113 09:39:41.156" endtime="20210113 09:39:41.243"></status>
</kw>
<kw name="Sleep" library="BuiltIn">
<doc>Pauses the test executed for the given time.</doc>
<arguments>
<arg>1</arg>
</arguments>
<msg timestamp="20210113 09:39:42.247" level="INFO">Slept 1 second</msg>
<status status="PASS" starttime="20210113 09:39:41.243" endtime="20210113 09:39:42.247"></status>
</kw>
<kw name="${index1} IN RANGE [ 10 ]" type="for">
<msg timestamp="20210113 09:39:42.247" level="WARN">Error in file 'C:\EclipsePortable-All-cpf\EclipsePortable\Data\workspace\OMSlive\Pages\Weight_Manual.robot' in FOR loop starting on line 40: For loop header ':FOR' is deprecated. Use 'FOR' instead.</msg>
<msg timestamp="20210113 09:39:42.250" level="WARN">Error in file 'C:\EclipsePortable-All-cpf\EclipsePortable\Data\workspace\OMSlive\Pages\Weight_Manual.robot' in FOR loop starting on line 40: Marking for loop body with '\' is deprecated. Remove markers and use 'END' instead.</msg>
<kw name="${index1} = 0" type="foritem">
<kw name="Sleep" library="BuiltIn">
<doc>Pauses the test executed for the given time.</doc>
<arguments>
<arg>0.5</arg>
</arguments>
<msg timestamp="20210113 09:39:42.761" level="INFO">Slept 500 milliseconds</msg>
<status status="PASS" starttime="20210113 09:39:42.256" endtime="20210113 09:39:42.761"></status>
</kw>
<kw name="Press Keycode" library="AppiumLibrary">
<doc>Sends a press of keycode to the device.</doc>
<arguments>
<arg>9</arg>
</arguments>
<status status="PASS" starttime="20210113 09:39:42.761" endtime="20210113 09:39:42.812"></status>
</kw>
<kw name="Press Keycode" library="AppiumLibrary">
<doc>Sends a press of keycode to the device.</doc>
<arguments>
<arg>7</arg>
</arguments>
<status status="PASS" starttime="20210113 09:39:42.812" endtime="20210113 09:39:42.860"></status>
</kw>
<kw name="Click Element with Appium -&gt; ${Accept} timeout 10 sec." library="AppiumUtils">
<kw name="Wait Until Page Contains Element" library="AppiumLibrary">
<doc>Waits until element specified with `locator` appears on current page.</doc>
<arguments>
<arg>${path}</arg>
<arg>${sec}</arg>
</arguments>
<status status="PASS" starttime="20210113 09:39:42.860" endtime="20210113 09:39:43.395"></status>
</kw>
<kw name="Click Element" library="AppiumLibrary">
<doc>Click element identified by `locator`.</doc>
<arguments>
<arg>${path}</arg>
</arguments>
<msg timestamp="20210113 09:39:43.396" level="INFO">Clicking element '//android.view.View[@content-desc="Accept"]'.</msg>
<status status="PASS" starttime="20210113 09:39:43.395" endtime="20210113 09:39:44.357"></status>
</kw>
<status status="PASS" starttime="20210113 09:39:42.860" endtime="20210113 09:39:44.357"></status>
</kw>
<status status="PASS" starttime="20210113 09:39:42.256" endtime="20210113 09:39:44.357"></status>
</kw>
<kw name="${index1} = 1" type="foritem">
<kw name="Sleep" library="BuiltIn">
<doc>Pauses the test executed for the given time.</doc>
<arguments>
<arg>0.5</arg>
</arguments>
<msg timestamp="20210113 09:39:44.871" level="INFO">Slept 500 milliseconds</msg>
<status status="PASS" starttime="20210113 09:39:44.357" endtime="20210113 09:39:44.871"></status>
</kw>
<kw name="Press Keycode" library="AppiumLibrary">
<doc>Sends a press of keycode to the device.</doc>
<arguments>
<arg>9</arg>
</arguments>
<status status="PASS" starttime="20210113 09:39:44.871" endtime="20210113 09:39:44.908"></status>
</kw>
<kw name="Press Keycode" library="AppiumLibrary">
<doc>Sends a press of keycode to the device.</doc>
<arguments>
<arg>7</arg>
</arguments>
<status status="PASS" starttime="20210113 09:39:44.908" endtime="20210113 09:39:44.941"></status>
</kw>
<kw name="Click Element with Appium -&gt; ${Accept} timeout 10 sec." library="AppiumUtils">
<kw name="Wait Until Page Contains Element" library="AppiumLibrary">
<doc>Waits until element specified with `locator` appears on current page.</doc>
<arguments>
<arg>${path}</arg>
<arg>${sec}</arg>
</arguments>
<status status="PASS" starttime="20210113 09:39:44.941" endtime="20210113 09:39:45.483"></status>
</kw>
<kw name="Click Element" library="AppiumLibrary">
<doc>Click element identified by `locator`.</doc>
<arguments>
<arg>${path}</arg>
</arguments>
<msg timestamp="20210113 09:39:45.485" level="INFO">Clicking element '//android.view.View[@content-desc="Accept"]'.</msg>
<status status="PASS" starttime="20210113 09:39:45.484" endtime="20210113 09:39:46.404"></status>
</kw>
<status status="PASS" starttime="20210113 09:39:44.941" endtime="20210113 09:39:46.404"></status>
</kw>
<status status="PASS" starttime="20210113 09:39:44.357" endtime="20210113 09:39:46.404"></status>
</kw>
<kw name="${index1} = 2" type="foritem">
<kw name="Sleep" library="BuiltIn">
<doc>Pauses the test executed for the given time.</doc>
<arguments>
<arg>0.5</arg>
</arguments>
<msg timestamp="20210113 09:39:46.917" level="INFO">Slept 500 milliseconds</msg>
<status status="PASS" starttime="20210113 09:39:46.404" endtime="20210113 09:39:46.917"></status>
</kw>
<kw name="Press Keycode" library="AppiumLibrary">
<doc>Sends a press of keycode to the device.</doc>
<arguments>
<arg>9</arg>
</arguments>
<status status="PASS" starttime="20210113 09:39:46.917" endtime="20210113 09:39:46.976"></status>
</kw>
<kw name="Press Keycode" library="AppiumLibrary">
<doc>Sends a press of keycode to the device.</doc>
<arguments>
<arg>7</arg>
</arguments>
<status status="PASS" starttime="20210113 09:39:46.976" endtime="20210113 09:39:47.509"></status>
</kw>
<kw name="Click Element with Appium -&gt; ${Accept} timeout 10 sec." library="AppiumUtils">
<kw name="Wait Until Page Contains Element" library="AppiumLibrary">
<doc>Waits until element specified with `locator` appears on current page.</doc>
<arguments>
<arg>${path}</arg>
<arg>${sec}</arg>
</arguments>
<status status="PASS" starttime="20210113 09:39:47.509" endtime="20210113 09:39:47.531"></status>
</kw>
<kw name="Click Element" library="AppiumLibrary">
<doc>Click element identified by `locator`.</doc>
<arguments>
<arg>${path}</arg>
</arguments>
<msg timestamp="20210113 09:39:47.532" level="INFO">Clicking element '//android.view.View[@content-desc="Accept"]'.</msg>
<status status="PASS" starttime="20210113 09:39:47.531" endtime="20210113 09:39:49.024"></status>
</kw>
<status status="PASS" starttime="20210113 09:39:47.509" endtime="20210113 09:39:49.024"></status>
</kw>
<status status="PASS" starttime="20210113 09:39:46.404" endtime="20210113 09:39:49.024"></status>
</kw>
<kw name="${index1} = 3" type="foritem">
<kw name="Sleep" library="BuiltIn">
<doc>Pauses the test executed for the given time.</doc>
<arguments>
<arg>0.5</arg>
</arguments>
<msg timestamp="20210113 09:39:49.531" level="INFO">Slept 500 milliseconds</msg>
<status status="PASS" starttime="20210113 09:39:49.024" endtime="20210113 09:39:49.531"></status>
</kw>
<kw name="Press Keycode" library="AppiumLibrary">
<doc>Sends a press of keycode to the device.</doc>
<arguments>
<arg>9</arg>
</arguments>
<status status="PASS" starttime="20210113 09:39:49.531" endtime="20210113 09:39:49.596"></status>
</kw>
<kw name="Press Keycode" library="AppiumLibrary">
<doc>Sends a press of keycode to the device.</doc>
<arguments>
<arg>7</arg>
</arguments>
<status status="PASS" starttime="20210113 09:39:49.596" endtime="20210113 09:39:49.642"></status>
</kw>
<kw name="Click Element with Appium -&gt; ${Accept} timeout 10 sec." library="AppiumUtils">
<kw name="Wait Until Page Contains Element" library="AppiumLibrary">
<doc>Waits until element specified with `locator` appears on current page.</doc>
<arguments>
<arg>${path}</arg>
<arg>${sec}</arg>
</arguments>
<status status="PASS" starttime="20210113 09:39:49.642" endtime="20210113 09:39:50.175"></status>
</kw>
<kw name="Click Element" library="AppiumLibrary">
<doc>Click element identified by `locator`.</doc>
<arguments>
<arg>${path}</arg>
</arguments>
<msg timestamp="20210113 09:39:50.176" level="INFO">Clicking element '//android.view.View[@content-desc="Accept"]'.</msg>
<status status="PASS" starttime="20210113 09:39:50.175" endtime="20210113 09:39:51.094"></status>
</kw>
<status status="PASS" starttime="20210113 09:39:49.642" endtime="20210113 09:39:51.094"></status>
</kw>
<status status="PASS" starttime="20210113 09:39:49.024" endtime="20210113 09:39:51.094"></status>
</kw>
<kw name="${index1} = 4" type="foritem">
<kw name="Sleep" library="BuiltIn">
<doc>Pauses the test executed for the given time.</doc>
<arguments>
<arg>0.5</arg>
</arguments>
<msg timestamp="20210113 09:39:51.595" level="INFO">Slept 500 milliseconds</msg>
<status status="PASS" starttime="20210113 09:39:51.094" endtime="20210113 09:39:51.595"></status>
</kw>
<kw name="Press Keycode" library="AppiumLibrary">
<doc>Sends a press of keycode to the device.</doc>
<arguments>
<arg>9</arg>
</arguments>
<status status="PASS" starttime="20210113 09:39:51.595" endtime="20210113 09:39:51.643"></status>
</kw>
<kw name="Press Keycode" library="AppiumLibrary">
<doc>Sends a press of keycode to the device.</doc>
<arguments>
<arg>7</arg>
</arguments>
<status status="PASS" starttime="20210113 09:39:51.644" endtime="20210113 09:39:51.692"></status>
</kw>
<kw name="Click Element with Appium -&gt; ${Accept} timeout 10 sec." library="AppiumUtils">
<kw name="Wait Until Page Contains Element" library="AppiumLibrary">
<doc>Waits until element specified with `locator` appears on current page.</doc>
<arguments>
<arg>${path}</arg>
<arg>${sec}</arg>
</arguments>
<status status="PASS" starttime="20210113 09:39:51.693" endtime="20210113 09:39:52.218"></status>
</kw>
<kw name="Click Element" library="AppiumLibrary">
<doc>Click element identified by `locator`.</doc>
<arguments>
<arg>${path}</arg>
</arguments>
<msg timestamp="20210113 09:39:52.219" level="INFO">Clicking element '//android.view.View[@content-desc="Accept"]'.</msg>
<status status="PASS" starttime="20210113 09:39:52.218" endtime="20210113 09:39:53.106"></status>
</kw>
<status status="PASS" starttime="20210113 09:39:51.692" endtime="20210113 09:39:53.107"></status>
</kw>
<status status="PASS" starttime="20210113 09:39:51.094" endtime="20210113 09:39:53.107"></status>
</kw>
<kw name="${index1} = 5" type="foritem">
<kw name="Sleep" library="BuiltIn">
<doc>Pauses the test executed for the given time.</doc>
<arguments>
<arg>0.5</arg>
</arguments>
<msg timestamp="20210113 09:39:53.613" level="INFO">Slept 500 milliseconds</msg>
<status status="PASS" starttime="20210113 09:39:53.107" endtime="20210113 09:39:53.613"></status>
</kw>
<kw name="Press Keycode" library="AppiumLibrary">
<doc>Sends a press of keycode to the device.</doc>
<arguments>
<arg>9</arg>
</arguments>
<status status="PASS" starttime="20210113 09:39:53.613" endtime="20210113 09:39:53.661"></status>
</kw>
<kw name="Press Keycode" library="AppiumLibrary">
<doc>Sends a press of keycode to the device.</doc>
<arguments>
<arg>7</arg>
</arguments>
<status status="PASS" starttime="20210113 09:39:53.661" endtime="20210113 09:39:53.709"></status>
</kw>
<kw name="Click Element with Appium -&gt; ${Accept} timeout 10 sec." library="AppiumUtils">
<kw name="Wait Until Page Contains Element" library="AppiumLibrary">
<doc>Waits until element specified with `locator` appears on current page.</doc>
<arguments>
<arg>${path}</arg>
<arg>${sec}</arg>
</arguments>
<status status="PASS" starttime="20210113 09:39:53.710" endtime="20210113 09:39:54.235"></status>
</kw>
<kw name="Click Element" library="AppiumLibrary">
<doc>Click element identified by `locator`.</doc>
<arguments>
<arg>${path}</arg>
</arguments>
<msg timestamp="20210113 09:39:54.236" level="INFO">Clicking element '//android.view.View[@content-desc="Accept"]'.</msg>
<status status="PASS" starttime="20210113 09:39:54.235" endtime="20210113 09:39:55.107"></status>
</kw>
<status status="PASS" starttime="20210113 09:39:53.710" endtime="20210113 09:39:55.107"></status>
</kw>
<status status="PASS" starttime="20210113 09:39:53.107" endtime="20210113 09:39:55.107"></status>
</kw>
<kw name="${index1} = 6" type="foritem">
<kw name="Sleep" library="BuiltIn">
<doc>Pauses the test executed for the given time.</doc>
<arguments>
<arg>0.5</arg>
</arguments>
<msg timestamp="20210113 09:39:55.616" level="INFO">Slept 500 milliseconds</msg>
<status status="PASS" starttime="20210113 09:39:55.108" endtime="20210113 09:39:55.616"></status>
</kw>
<kw name="Press Keycode" library="AppiumLibrary">
<doc>Sends a press of keycode to the device.</doc>
<arguments>
<arg>9</arg>
</arguments>
<status status="PASS" starttime="20210113 09:39:55.616" endtime="20210113 09:39:55.659"></status>
</kw>
<kw name="Press Keycode" library="AppiumLibrary">
<doc>Sends a press of keycode to the device.</doc>
<arguments>
<arg>7</arg>
</arguments>
<status status="PASS" starttime="20210113 09:39:55.659" endtime="20210113 09:39:55.709"></status>
</kw>
<kw name="Click Element with Appium -&gt; ${Accept} timeout 10 sec." library="AppiumUtils">
<kw name="Wait Until Page Contains Element" library="AppiumLibrary">
<doc>Waits until element specified with `locator` appears on current page.</doc>
<arguments>
<arg>${path}</arg>
<arg>${sec}</arg>
</arguments>
<status status="PASS" starttime="20210113 09:39:55.709" endtime="20210113 09:39:56.233"></status>
</kw>
<kw name="Click Element" library="AppiumLibrary">
<doc>Click element identified by `locator`.</doc>
<arguments>
<arg>${path}</arg>
</arguments>
<msg timestamp="20210113 09:39:56.234" level="INFO">Clicking element '//android.view.View[@content-desc="Accept"]'.</msg>
<status status="PASS" starttime="20210113 09:39:56.233" endtime="20210113 09:39:57.422"></status>
</kw>
<status status="PASS" starttime="20210113 09:39:55.709" endtime="20210113 09:39:57.422"></status>
</kw>
<status status="PASS" starttime="20210113 09:39:55.108" endtime="20210113 09:39:57.422"></status>
</kw>
<kw name="${index1} = 7" type="foritem">
<kw name="Sleep" library="BuiltIn">
<doc>Pauses the test executed for the given time.</doc>
<arguments>
<arg>0.5</arg>
</arguments>
<msg timestamp="20210113 09:39:57.935" level="INFO">Slept 500 milliseconds</msg>
<status status="PASS" starttime="20210113 09:39:57.423" endtime="20210113 09:39:57.935"></status>
</kw>
<kw name="Press Keycode" library="AppiumLibrary">
<doc>Sends a press of keycode to the device.</doc>
<arguments>
<arg>9</arg>
</arguments>
<status status="PASS" starttime="20210113 09:39:57.935" endtime="20210113 09:39:57.975"></status>
</kw>
<kw name="Press Keycode" library="AppiumLibrary">
<doc>Sends a press of keycode to the device.</doc>
<arguments>
<arg>7</arg>
</arguments>
<status status="PASS" starttime="20210113 09:39:57.975" endtime="20210113 09:39:58.024"></status>
</kw>
<kw name="Click Element with Appium -&gt; ${Accept} timeout 10 sec." library="AppiumUtils">
<kw name="Wait Until Page Contains Element" library="AppiumLibrary">
<doc>Waits until element specified with `locator` appears on current page.</doc>
<arguments>
<arg>${path}</arg>
<arg>${sec}</arg>
</arguments>
<status status="PASS" starttime="20210113 09:39:58.025" endtime="20210113 09:39:58.556"></status>
</kw>
<kw name="Click Element" library="AppiumLibrary">
<doc>Click element identified by `locator`.</doc>
<arguments>
<arg>${path}</arg>
</arguments>
<msg timestamp="20210113 09:39:58.558" level="INFO">Clicking element '//android.view.View[@content-desc="Accept"]'.</msg>
<status status="PASS" starttime="20210113 09:39:58.557" endtime="20210113 09:39:59.476"></status>
</kw>
<status status="PASS" starttime="20210113 09:39:58.024" endtime="20210113 09:39:59.476"></status>
</kw>
<status status="PASS" starttime="20210113 09:39:57.422" endtime="20210113 09:39:59.476"></status>
</kw>
<kw name="${index1} = 8" type="foritem">
<kw name="Sleep" library="BuiltIn">
<doc>Pauses the test executed for the given time.</doc>
<arguments>
<arg>0.5</arg>
</arguments>
<msg timestamp="20210113 09:39:59.985" level="INFO">Slept 500 milliseconds</msg>
<status status="PASS" starttime="20210113 09:39:59.477" endtime="20210113 09:39:59.985"></status>
</kw>
<kw name="Press Keycode" library="AppiumLibrary">
<doc>Sends a press of keycode to the device.</doc>
<arguments>
<arg>9</arg>
</arguments>
<status status="PASS" starttime="20210113 09:39:59.985" endtime="20210113 09:40:00.042"></status>
</kw>
<kw name="Press Keycode" library="AppiumLibrary">
<doc>Sends a press of keycode to the device.</doc>
<arguments>
<arg>7</arg>
</arguments>
<status status="PASS" starttime="20210113 09:40:00.042" endtime="20210113 09:40:00.075"></status>
</kw>
<kw name="Click Element with Appium -&gt; ${Accept} timeout 10 sec." library="AppiumUtils">
<kw name="Wait Until Page Contains Element" library="AppiumLibrary">
<doc>Waits until element specified with `locator` appears on current page.</doc>
<arguments>
<arg>${path}</arg>
<arg>${sec}</arg>
</arguments>
<status status="PASS" starttime="20210113 09:40:00.076" endtime="20210113 09:40:01.197"></status>
</kw>
<kw name="Click Element" library="AppiumLibrary">
<doc>Click element identified by `locator`.</doc>
<arguments>
<arg>${path}</arg>
</arguments>
<msg timestamp="20210113 09:40:01.198" level="INFO">Clicking element '//android.view.View[@content-desc="Accept"]'.</msg>
<status status="PASS" starttime="20210113 09:40:01.197" endtime="20210113 09:40:02.091"></status>
</kw>
<status status="PASS" starttime="20210113 09:40:00.076" endtime="20210113 09:40:02.091"></status>
</kw>
<status status="PASS" starttime="20210113 09:39:59.476" endtime="20210113 09:40:02.091"></status>
</kw>
<kw name="${index1} = 9" type="foritem">
<kw name="Sleep" library="BuiltIn">
<doc>Pauses the test executed for the given time.</doc>
<arguments>
<arg>0.5</arg>
</arguments>
<msg timestamp="20210113 09:40:02.593" level="INFO">Slept 500 milliseconds</msg>
<status status="PASS" starttime="20210113 09:40:02.091" endtime="20210113 09:40:02.593"></status>
</kw>
<kw name="Press Keycode" library="AppiumLibrary">
<doc>Sends a press of keycode to the device.</doc>
<arguments>
<arg>9</arg>
</arguments>
<status status="PASS" starttime="20210113 09:40:02.593" endtime="20210113 09:40:02.642"></status>
</kw>
<kw name="Press Keycode" library="AppiumLibrary">
<doc>Sends a press of keycode to the device.</doc>
<arguments>
<arg>7</arg>
</arguments>
<status status="PASS" starttime="20210113 09:40:02.643" endtime="20210113 09:40:02.676"></status>
</kw>
<kw name="Click Element with Appium -&gt; ${Accept} timeout 10 sec." library="AppiumUtils">
<kw name="Wait Until Page Contains Element" library="AppiumLibrary">
<doc>Waits until element specified with `locator` appears on current page.</doc>
<arguments>
<arg>${path}</arg>
<arg>${sec}</arg>
</arguments>
<status status="PASS" starttime="20210113 09:40:02.676" endtime="20210113 09:40:03.205"></status>
</kw>
<kw name="Click Element" library="AppiumLibrary">
<doc>Click element identified by `locator`.</doc>
<arguments>
<arg>${path}</arg>
</arguments>
<msg timestamp="20210113 09:40:03.207" level="INFO">Clicking element '//android.view.View[@content-desc="Accept"]'.</msg>
<status status="PASS" starttime="20210113 09:40:03.206" endtime="20210113 09:40:04.339"></status>
</kw>
<status status="PASS" starttime="20210113 09:40:02.676" endtime="20210113 09:40:04.339"></status>
</kw>
<status status="PASS" starttime="20210113 09:40:02.091" endtime="20210113 09:40:04.339"></status>
</kw>
<status status="PASS" starttime="20210113 09:39:42.247" endtime="20210113 09:40:04.339"></status>
</kw>
<kw name="Press Keycode" library="AppiumLibrary">
<doc>Sends a press of keycode to the device.</doc>
<arguments>
<arg>66</arg>
</arguments>
<status status="PASS" starttime="20210113 09:40:04.340" endtime="20210113 09:40:04.381"></status>
</kw>
<kw name="Sleep" library="BuiltIn">
<doc>Pauses the test executed for the given time.</doc>
<arguments>
<arg>1</arg>
</arguments>
<msg timestamp="20210113 09:40:05.395" level="INFO">Slept 1 second</msg>
<status status="PASS" starttime="20210113 09:40:04.381" endtime="20210113 09:40:05.395"></status>
</kw>
<kw name="Click Element with Appium -&gt; ${Weight25-30} timeout 10 sec." library="AppiumUtils">
<kw name="Wait Until Page Contains Element" library="AppiumLibrary">
<doc>Waits until element specified with `locator` appears on current page.</doc>
<arguments>
<arg>${path}</arg>
<arg>${sec}</arg>
</arguments>
<status status="PASS" starttime="20210113 09:40:05.397" endtime="20210113 09:40:05.441"></status>
</kw>
<kw name="Click Element" library="AppiumLibrary">
<doc>Click element identified by `locator`.</doc>
<arguments>
<arg>${path}</arg>
</arguments>
<msg timestamp="20210113 09:40:05.442" level="INFO">Clicking element '//android.view.View[@bounds="[792,1518][1132,1779]"]'.</msg>
<status status="PASS" starttime="20210113 09:40:05.441" endtime="20210113 09:40:06.001"></status>
</kw>
<status status="PASS" starttime="20210113 09:40:05.396" endtime="20210113 09:40:06.001"></status>
</kw>
<kw name="Click Element with Appium -&gt; ${Weight} timeout 10 sec." library="AppiumUtils">
<kw name="Wait Until Page Contains Element" library="AppiumLibrary">
<doc>Waits until element specified with `locator` appears on current page.</doc>
<arguments>
<arg>${path}</arg>
<arg>${sec}</arg>
</arguments>
<status status="PASS" starttime="20210113 09:40:06.002" endtime="20210113 09:40:06.018"></status>
</kw>
<kw name="Click Element" library="AppiumLibrary">
<doc>Click element identified by `locator`.</doc>
<arguments>
<arg>${path}</arg>
</arguments>
<msg timestamp="20210113 09:40:06.019" level="INFO">Clicking element '//android.widget.EditText[@index="1"]'.</msg>
<status status="PASS" starttime="20210113 09:40:06.018" endtime="20210113 09:40:06.076"></status>
</kw>
<status status="PASS" starttime="20210113 09:40:06.001" endtime="20210113 09:40:06.077"></status>
</kw>
<kw name="${index2} IN RANGE [ 10 ]" type="for">
<msg timestamp="20210113 09:40:06.077" level="WARN">Error in file 'C:\EclipsePortable-All-cpf\EclipsePortable\Data\workspace\OMSlive\Pages\Weight_Manual.robot' in FOR loop starting on line 49: For loop header ':FOR' is deprecated. Use 'FOR' instead.</msg>
<msg timestamp="20210113 09:40:06.078" level="WARN">Error in file 'C:\EclipsePortable-All-cpf\EclipsePortable\Data\workspace\OMSlive\Pages\Weight_Manual.robot' in FOR loop starting on line 49: Marking for loop body with '\' is deprecated. Remove markers and use 'END' instead.</msg>
<kw name="${index2} = 0" type="foritem">
<kw name="Sleep" library="BuiltIn">
<doc>Pauses the test executed for the given time.</doc>
<arguments>
<arg>0.5</arg>
</arguments>
<msg timestamp="20210113 09:40:06.600" level="INFO">Slept 500 milliseconds</msg>
<status status="PASS" starttime="20210113 09:40:06.091" endtime="20210113 09:40:06.600"></status>
</kw>
<kw name="Press Keycode" library="AppiumLibrary">
<doc>Sends a press of keycode to the device.</doc>
<arguments>
<arg>9</arg>
</arguments>
<status status="PASS" starttime="20210113 09:40:06.601" endtime="20210113 09:40:06.847"></status>
</kw>
<kw name="Press Keycode" library="AppiumLibrary">
<doc>Sends a press of keycode to the device.</doc>
<arguments>
<arg>7</arg>
</arguments>
<status status="PASS" starttime="20210113 09:40:06.847" endtime="20210113 09:40:06.889"></status>
</kw>
<kw name="Click Element with Appium -&gt; ${Accept} timeout 10 sec." library="AppiumUtils">
<kw name="Wait Until Page Contains Element" library="AppiumLibrary">
<doc>Waits until element specified with `locator` appears on current page.</doc>
<arguments>
<arg>${path}</arg>
<arg>${sec}</arg>
</arguments>
<status status="PASS" starttime="20210113 09:40:06.890" endtime="20210113 09:40:07.419"></status>
</kw>
<kw name="Click Element" library="AppiumLibrary">
<doc>Click element identified by `locator`.</doc>
<arguments>
<arg>${path}</arg>
</arguments>
<msg timestamp="20210113 09:40:07.420" level="INFO">Clicking element '//android.view.View[@content-desc="Accept"]'.</msg>
<status status="PASS" starttime="20210113 09:40:07.419" endtime="20210113 09:40:08.329"></status>
</kw>
<status status="PASS" starttime="20210113 09:40:06.890" endtime="20210113 09:40:08.329"></status>
</kw>
<status status="PASS" starttime="20210113 09:40:06.091" endtime="20210113 09:40:08.329"></status>
</kw>
<kw name="${index2} = 1" type="foritem">
<kw name="Sleep" library="BuiltIn">
<doc>Pauses the test executed for the given time.</doc>
<arguments>
<arg>0.5</arg>
</arguments>
<msg timestamp="20210113 09:40:08.836" level="INFO">Slept 500 milliseconds</msg>
<status status="PASS" starttime="20210113 09:40:08.329" endtime="20210113 09:40:08.836"></status>
</kw>
<kw name="Press Keycode" library="AppiumLibrary">
<doc>Sends a press of keycode to the device.</doc>
<arguments>
<arg>9</arg>
</arguments>
<status status="PASS" starttime="20210113 09:40:08.836" endtime="20210113 09:40:08.891"></status>
</kw>
<kw name="Press Keycode" library="AppiumLibrary">
<doc>Sends a press of keycode to the device.</doc>
<arguments>
<arg>7</arg>
</arguments>
<status status="PASS" starttime="20210113 09:40:08.891" endtime="20210113 09:40:08.925"></status>
</kw>
<kw name="Click Element with Appium -&gt; ${Accept} timeout 10 sec." library="AppiumUtils">
<kw name="Wait Until Page Contains Element" library="AppiumLibrary">
<doc>Waits until element specified with `locator` appears on current page.</doc>
<arguments>
<arg>${path}</arg>
<arg>${sec}</arg>
</arguments>
<status status="PASS" starttime="20210113 09:40:08.926" endtime="20210113 09:40:09.455"></status>
</kw>
<kw name="Click Element" library="AppiumLibrary">
<doc>Click element identified by `locator`.</doc>
<arguments>
<arg>${path}</arg>
</arguments>
<msg timestamp="20210113 09:40:09.456" level="INFO">Clicking element '//android.view.View[@content-desc="Accept"]'.</msg>
<status status="PASS" starttime="20210113 09:40:09.455" endtime="20210113 09:40:10.225"></status>
</kw>
<status status="PASS" starttime="20210113 09:40:08.925" endtime="20210113 09:40:10.225"></status>
</kw>
<status status="PASS" starttime="20210113 09:40:08.329" endtime="20210113 09:40:10.225"></status>
</kw>
<kw name="${index2} = 2" type="foritem">
<kw name="Sleep" library="BuiltIn">
<doc>Pauses the test executed for the given time.</doc>
<arguments>
<arg>0.5</arg>
</arguments>
<msg timestamp="20210113 09:40:10.726" level="INFO">Slept 500 milliseconds</msg>
<status status="PASS" starttime="20210113 09:40:10.226" endtime="20210113 09:40:10.726"></status>
</kw>
<kw name="Press Keycode" library="AppiumLibrary">
<doc>Sends a press of keycode to the device.</doc>
<arguments>
<arg>9</arg>
</arguments>
<status status="PASS" starttime="20210113 09:40:10.726" endtime="20210113 09:40:10.875"></status>
</kw>
<kw name="Press Keycode" library="AppiumLibrary">
<doc>Sends a press of keycode to the device.</doc>
<arguments>
<arg>7</arg>
</arguments>
<status status="PASS" starttime="20210113 09:40:10.875" endtime="20210113 09:40:10.909"></status>
</kw>
<kw name="Click Element with Appium -&gt; ${Accept} timeout 10 sec." library="AppiumUtils">
<kw name="Wait Until Page Contains Element" library="AppiumLibrary">
<doc>Waits until element specified with `locator` appears on current page.</doc>
<arguments>
<arg>${path}</arg>
<arg>${sec}</arg>
</arguments>
<status status="PASS" starttime="20210113 09:40:10.909" endtime="20210113 09:40:11.433"></status>
</kw>
<kw name="Click Element" library="AppiumLibrary">
<doc>Click element identified by `locator`.</doc>
<arguments>
<arg>${path}</arg>
</arguments>
<msg timestamp="20210113 09:40:11.434" level="INFO">Clicking element '//android.view.View[@content-desc="Accept"]'.</msg>
<status status="PASS" starttime="20210113 09:40:11.433" endtime="20210113 09:40:12.341"></status>
</kw>
<status status="PASS" starttime="20210113 09:40:10.909" endtime="20210113 09:40:12.341"></status>
</kw>
<status status="PASS" starttime="20210113 09:40:10.225" endtime="20210113 09:40:12.341"></status>
</kw>
<kw name="${index2} = 3" type="foritem">
<kw name="Sleep" library="BuiltIn">
<doc>Pauses the test executed for the given time.</doc>
<arguments>
<arg>0.5</arg>
</arguments>
<msg timestamp="20210113 09:40:12.845" level="INFO">Slept 500 milliseconds</msg>
<status status="PASS" starttime="20210113 09:40:12.341" endtime="20210113 09:40:12.845"></status>
</kw>
<kw name="Press Keycode" library="AppiumLibrary">
<doc>Sends a press of keycode to the device.</doc>
<arguments>
<arg>9</arg>
</arguments>
<status status="PASS" starttime="20210113 09:40:12.845" endtime="20210113 09:40:12.909"></status>
</kw>
<kw name="Press Keycode" library="AppiumLibrary">
<doc>Sends a press of keycode to the device.</doc>
<arguments>
<arg>7</arg>
</arguments>
<status status="PASS" starttime="20210113 09:40:12.909" endtime="20210113 09:40:13.445"></status>
</kw>
<kw name="Click Element with Appium -&gt; ${Accept} timeout 10 sec." library="AppiumUtils">
<kw name="Wait Until Page Contains Element" library="AppiumLibrary">
<doc>Waits until element specified with `locator` appears on current page.</doc>
<arguments>
<arg>${path}</arg>
<arg>${sec}</arg>
</arguments>
<status status="PASS" starttime="20210113 09:40:13.446" endtime="20210113 09:40:13.462"></status>
</kw>
<kw name="Click Element" library="AppiumLibrary">
<doc>Click element identified by `locator`.</doc>
<arguments>
<arg>${path}</arg>
</arguments>
<msg timestamp="20210113 09:40:13.463" level="INFO">Clicking element '//android.view.View[@content-desc="Accept"]'.</msg>
<status status="PASS" starttime="20210113 09:40:13.462" endtime="20210113 09:40:14.863"></status>
</kw>
<status status="PASS" starttime="20210113 09:40:13.445" endtime="20210113 09:40:14.863"></status>
</kw>
<status status="PASS" starttime="20210113 09:40:12.341" endtime="20210113 09:40:14.864"></status>
</kw>
<kw name="${index2} = 4" type="foritem">
<kw name="Sleep" library="BuiltIn">
<doc>Pauses the test executed for the given time.</doc>
<arguments>
<arg>0.5</arg>
</arguments>
<msg timestamp="20210113 09:40:15.379" level="INFO">Slept 500 milliseconds</msg>
<status status="PASS" starttime="20210113 09:40:14.864" endtime="20210113 09:40:15.379"></status>
</kw>
<kw name="Press Keycode" library="AppiumLibrary">
<doc>Sends a press of keycode to the device.</doc>
<arguments>
<arg>9</arg>
</arguments>
<status status="PASS" starttime="20210113 09:40:15.380" endtime="20210113 09:40:15.426"></status>
</kw>
<kw name="Press Keycode" library="AppiumLibrary">
<doc>Sends a press of keycode to the device.</doc>
<arguments>
<arg>7</arg>
</arguments>
<status status="PASS" starttime="20210113 09:40:15.427" endtime="20210113 09:40:15.476"></status>
</kw>
<kw name="Click Element with Appium -&gt; ${Accept} timeout 10 sec." library="AppiumUtils">
<kw name="Wait Until Page Contains Element" library="AppiumLibrary">
<doc>Waits until element specified with `locator` appears on current page.</doc>
<arguments>
<arg>${path}</arg>
<arg>${sec}</arg>
</arguments>
<status status="PASS" starttime="20210113 09:40:15.476" endtime="20210113 09:40:16.003"></status>
</kw>
<kw name="Click Element" library="AppiumLibrary">
<doc>Click element identified by `locator`.</doc>
<arguments>
<arg>${path}</arg>
</arguments>
<msg timestamp="20210113 09:40:16.005" level="INFO">Clicking element '//android.view.View[@content-desc="Accept"]'.</msg>
<status status="PASS" starttime="20210113 09:40:16.004" endtime="20210113 09:40:16.919"></status>
</kw>
<status status="PASS" starttime="20210113 09:40:15.476" endtime="20210113 09:40:16.919"></status>
</kw>
<status status="PASS" starttime="20210113 09:40:14.864" endtime="20210113 09:40:16.919"></status>
</kw>
<kw name="${index2} = 5" type="foritem">
<kw name="Sleep" library="BuiltIn">
<doc>Pauses the test executed for the given time.</doc>
<arguments>
<arg>0.5</arg>
</arguments>
<msg timestamp="20210113 09:40:17.428" level="INFO">Slept 500 milliseconds</msg>
<status status="PASS" starttime="20210113 09:40:16.920" endtime="20210113 09:40:17.428"></status>
</kw>
<kw name="Press Keycode" library="AppiumLibrary">
<doc>Sends a press of keycode to the device.</doc>
<arguments>
<arg>9</arg>
</arguments>
<status status="PASS" starttime="20210113 09:40:17.428" endtime="20210113 09:40:17.493"></status>
</kw>
<kw name="Press Keycode" library="AppiumLibrary">
<doc>Sends a press of keycode to the device.</doc>
<arguments>
<arg>7</arg>
</arguments>
<status status="PASS" starttime="20210113 09:40:17.493" endtime="20210113 09:40:17.541"></status>
</kw>
<kw name="Click Element with Appium -&gt; ${Accept} timeout 10 sec." library="AppiumUtils">
<kw name="Wait Until Page Contains Element" library="AppiumLibrary">
<doc>Waits until element specified with `locator` appears on current page.</doc>
<arguments>
<arg>${path}</arg>
<arg>${sec}</arg>
</arguments>
<status status="PASS" starttime="20210113 09:40:17.542" endtime="20210113 09:40:18.070"></status>
</kw>
<kw name="Click Element" library="AppiumLibrary">
<doc>Click element identified by `locator`.</doc>
<arguments>
<arg>${path}</arg>
</arguments>
<msg timestamp="20210113 09:40:18.072" level="INFO">Clicking element '//android.view.View[@content-desc="Accept"]'.</msg>
<status status="PASS" starttime="20210113 09:40:18.070" endtime="20210113 09:40:18.615"></status>
</kw>
<status status="PASS" starttime="20210113 09:40:17.541" endtime="20210113 09:40:18.615"></status>
</kw>
<status status="PASS" starttime="20210113 09:40:16.919" endtime="20210113 09:40:18.615"></status>
</kw>
<kw name="${index2} = 6" type="foritem">
<kw name="Sleep" library="BuiltIn">
<doc>Pauses the test executed for the given time.</doc>
<arguments>
<arg>0.5</arg>
</arguments>
<msg timestamp="20210113 09:40:19.120" level="INFO">Slept 500 milliseconds</msg>
<status status="PASS" starttime="20210113 09:40:18.615" endtime="20210113 09:40:19.120"></status>
</kw>
<kw name="Press Keycode" library="AppiumLibrary">
<doc>Sends a press of keycode to the device.</doc>
<arguments>
<arg>9</arg>
</arguments>
<status status="PASS" starttime="20210113 09:40:19.120" endtime="20210113 09:40:19.176"></status>
</kw>
<kw name="Press Keycode" library="AppiumLibrary">
<doc>Sends a press of keycode to the device.</doc>
<arguments>
<arg>7</arg>
</arguments>
<status status="PASS" starttime="20210113 09:40:19.176" endtime="20210113 09:40:19.225"></status>
</kw>
<kw name="Click Element with Appium -&gt; ${Accept} timeout 10 sec." library="AppiumUtils">
<kw name="Wait Until Page Contains Element" library="AppiumLibrary">
<doc>Waits until element specified with `locator` appears on current page.</doc>
<arguments>
<arg>${path}</arg>
<arg>${sec}</arg>
</arguments>
<status status="PASS" starttime="20210113 09:40:19.226" endtime="20210113 09:40:19.971"></status>
</kw>
<kw name="Click Element" library="AppiumLibrary">
<doc>Click element identified by `locator`.</doc>
<arguments>
<arg>${path}</arg>
</arguments>
<msg timestamp="20210113 09:40:19.972" level="INFO">Clicking element '//android.view.View[@content-desc="Accept"]'.</msg>
<status status="PASS" starttime="20210113 09:40:19.971" endtime="20210113 09:40:20.876"></status>
</kw>
<status status="PASS" starttime="20210113 09:40:19.225" endtime="20210113 09:40:20.877"></status>
</kw>
<status status="PASS" starttime="20210113 09:40:18.615" endtime="20210113 09:40:20.877"></status>
</kw>
<kw name="${index2} = 7" type="foritem">
<kw name="Sleep" library="BuiltIn">
<doc>Pauses the test executed for the given time.</doc>
<arguments>
<arg>0.5</arg>
</arguments>
<msg timestamp="20210113 09:40:21.390" level="INFO">Slept 500 milliseconds</msg>
<status status="PASS" starttime="20210113 09:40:20.877" endtime="20210113 09:40:21.390"></status>
</kw>
<kw name="Press Keycode" library="AppiumLibrary">
<doc>Sends a press of keycode to the device.</doc>
<arguments>
<arg>9</arg>
</arguments>
<status status="PASS" starttime="20210113 09:40:21.390" endtime="20210113 09:40:21.460"></status>
</kw>
<kw name="Press Keycode" library="AppiumLibrary">
<doc>Sends a press of keycode to the device.</doc>
<arguments>
<arg>7</arg>
</arguments>
<status status="PASS" starttime="20210113 09:40:21.460" endtime="20210113 09:40:21.994"></status>
</kw>
<kw name="Click Element with Appium -&gt; ${Accept} timeout 10 sec." library="AppiumUtils">
<kw name="Wait Until Page Contains Element" library="AppiumLibrary">
<doc>Waits until element specified with `locator` appears on current page.</doc>
<arguments>
<arg>${path}</arg>
<arg>${sec}</arg>
</arguments>
<status status="PASS" starttime="20210113 09:40:21.995" endtime="20210113 09:40:22.017"></status>
</kw>
<kw name="Click Element" library="AppiumLibrary">
<doc>Click element identified by `locator`.</doc>
<arguments>
<arg>${path}</arg>
</arguments>
<msg timestamp="20210113 09:40:22.018" level="INFO">Clicking element '//android.view.View[@content-desc="Accept"]'.</msg>
<status status="PASS" starttime="20210113 09:40:22.017" endtime="20210113 09:40:23.429"></status>
</kw>
<status status="PASS" starttime="20210113 09:40:21.994" endtime="20210113 09:40:23.430"></status>
</kw>
<status status="PASS" starttime="20210113 09:40:20.877" endtime="20210113 09:40:23.430"></status>
</kw>
<kw name="${index2} = 8" type="foritem">
<kw name="Sleep" library="BuiltIn">
<doc>Pauses the test executed for the given time.</doc>
<arguments>
<arg>0.5</arg>
</arguments>
<msg timestamp="20210113 09:40:23.945" level="INFO">Slept 500 milliseconds</msg>
<status status="PASS" starttime="20210113 09:40:23.430" endtime="20210113 09:40:23.945"></status>
</kw>
<kw name="Press Keycode" library="AppiumLibrary">
<doc>Sends a press of keycode to the device.</doc>
<arguments>
<arg>9</arg>
</arguments>
<status status="PASS" starttime="20210113 09:40:23.945" endtime="20210113 09:40:23.991"></status>
</kw>
<kw name="Press Keycode" library="AppiumLibrary">
<doc>Sends a press of keycode to the device.</doc>
<arguments>
<arg>7</arg>
</arguments>
<status status="PASS" starttime="20210113 09:40:23.991" endtime="20210113 09:40:24.041"></status>
</kw>
<kw name="Click Element with Appium -&gt; ${Accept} timeout 10 sec." library="AppiumUtils">
<kw name="Wait Until Page Contains Element" library="AppiumLibrary">
<doc>Waits until element specified with `locator` appears on current page.</doc>
<arguments>
<arg>${path}</arg>
<arg>${sec}</arg>
</arguments>
<status status="PASS" starttime="20210113 09:40:24.042" endtime="20210113 09:40:24.576"></status>
</kw>
<kw name="Click Element" library="AppiumLibrary">
<doc>Click element identified by `locator`.</doc>
<arguments>
<arg>${path}</arg>
</arguments>
<msg timestamp="20210113 09:40:24.577" level="INFO">Clicking element '//android.view.View[@content-desc="Accept"]'.</msg>
<status status="PASS" starttime="20210113 09:40:24.576" endtime="20210113 09:40:25.541"></status>
</kw>
<status status="PASS" starttime="20210113 09:40:24.042" endtime="20210113 09:40:25.541"></status>
</kw>
<status status="PASS" starttime="20210113 09:40:23.430" endtime="20210113 09:40:25.541"></status>
</kw>
<kw name="${index2} = 9" type="foritem">
<kw name="Sleep" library="BuiltIn">
<doc>Pauses the test executed for the given time.</doc>
<arguments>
<arg>0.5</arg>
</arguments>
<msg timestamp="20210113 09:40:26.050" level="INFO">Slept 500 milliseconds</msg>
<status status="PASS" starttime="20210113 09:40:25.542" endtime="20210113 09:40:26.050"></status>
</kw>
<kw name="Press Keycode" library="AppiumLibrary">
<doc>Sends a press of keycode to the device.</doc>
<arguments>
<arg>9</arg>
</arguments>
<status status="PASS" starttime="20210113 09:40:26.050" endtime="20210113 09:40:26.091"></status>
</kw>
<kw name="Press Keycode" library="AppiumLibrary">
<doc>Sends a press of keycode to the device.</doc>
<arguments>
<arg>7</arg>
</arguments>
<status status="PASS" starttime="20210113 09:40:26.091" endtime="20210113 09:40:26.124"></status>
</kw>
<kw name="Click Element with Appium -&gt; ${Accept} timeout 10 sec." library="AppiumUtils">
<kw name="Wait Until Page Contains Element" library="AppiumLibrary">
<doc>Waits until element specified with `locator` appears on current page.</doc>
<arguments>
<arg>${path}</arg>
<arg>${sec}</arg>
</arguments>
<status status="PASS" starttime="20210113 09:40:26.125" endtime="20210113 09:40:26.648"></status>
</kw>
<kw name="Click Element" library="AppiumLibrary">
<doc>Click element identified by `locator`.</doc>
<arguments>
<arg>${path}</arg>
</arguments>
<msg timestamp="20210113 09:40:26.649" level="INFO">Clicking element '//android.view.View[@content-desc="Accept"]'.</msg>
<status status="PASS" starttime="20210113 09:40:26.648" endtime="20210113 09:40:27.523"></status>
</kw>
<status status="PASS" starttime="20210113 09:40:26.125" endtime="20210113 09:40:27.524"></status>
</kw>
<status status="PASS" starttime="20210113 09:40:25.541" endtime="20210113 09:40:27.524"></status>
</kw>
<status status="PASS" starttime="20210113 09:40:06.077" endtime="20210113 09:40:27.524"></status>
</kw>
<kw name="Press Keycode" library="AppiumLibrary">
<doc>Sends a press of keycode to the device.</doc>
<arguments>
<arg>66</arg>
</arguments>
<status status="PASS" starttime="20210113 09:40:27.524" endtime="20210113 09:40:27.574"></status>
</kw>
<kw name="Sleep" library="BuiltIn">
<doc>Pauses the test executed for the given time.</doc>
<arguments>
<arg>2</arg>
</arguments>
<msg timestamp="20210113 09:40:29.577" level="INFO">Slept 2 seconds</msg>
<status status="PASS" starttime="20210113 09:40:27.574" endtime="20210113 09:40:29.577"></status>
</kw>
<kw name="Click Element with Appium -&gt; ${Confirm} timeout 10 sec." library="AppiumUtils">
<kw name="Wait Until Page Contains Element" library="AppiumLibrary">
<doc>Waits until element specified with `locator` appears on current page.</doc>
<arguments>
<arg>${path}</arg>
<arg>${sec}</arg>
</arguments>
<status status="PASS" starttime="20210113 09:40:29.578" endtime="20210113 09:40:29.603"></status>
</kw>
<kw name="Click Element" library="AppiumLibrary">
<doc>Click element identified by `locator`.</doc>
<arguments>
<arg>${path}</arg>
</arguments>
<msg timestamp="20210113 09:40:29.604" level="INFO">Clicking element '//android.view.View[@content-desc="Confirm received"]'.</msg>
<status status="PASS" starttime="20210113 09:40:29.603" endtime="20210113 09:40:30.204"></status>
</kw>
<status status="PASS" starttime="20210113 09:40:29.577" endtime="20210113 09:40:30.204"></status>
</kw>
<kw name="Click Element with Appium -&gt; ${YesBtn} timeout 10 sec." library="AppiumUtils">
<kw name="Wait Until Page Contains Element" library="AppiumLibrary">
<doc>Waits until element specified with `locator` appears on current page.</doc>
<arguments>
<arg>${path}</arg>
<arg>${sec}</arg>
</arguments>
<status status="PASS" starttime="20210113 09:40:30.206" endtime="20210113 09:40:30.230"></status>
</kw>
<kw name="Click Element" library="AppiumLibrary">
<doc>Click element identified by `locator`.</doc>
<arguments>
<arg>${path}</arg>
</arguments>
<msg timestamp="20210113 09:40:30.231" level="INFO">Clicking element '//android.widget.Button[@content-desc="Yes"]'.</msg>
<status status="PASS" starttime="20210113 09:40:30.230" endtime="20210113 09:40:31.288"></status>
</kw>
<status status="PASS" starttime="20210113 09:40:30.205" endtime="20210113 09:40:31.289"></status>
</kw>
<kw name="Sleep" library="BuiltIn">
<doc>Pauses the test executed for the given time.</doc>
<arguments>
<arg>2</arg>
</arguments>
<msg timestamp="20210113 09:40:33.292" level="INFO">Slept 2 seconds</msg>
<status status="PASS" starttime="20210113 09:40:31.289" endtime="20210113 09:40:33.292"></status>
</kw>
<kw name="Go Back" library="AppiumLibrary">
<doc>Goes one step backward in the browser history.</doc>
<status status="PASS" starttime="20210113 09:40:33.292" endtime="20210113 09:40:33.364"></status>
</kw>
<kw name="Go Back" library="AppiumLibrary">
<doc>Goes one step backward in the browser history.</doc>
<status status="PASS" starttime="20210113 09:40:33.364" endtime="20210113 09:40:34.207"></status>
</kw>
<kw name="Close Application" library="AppiumLibrary">
<doc>Closes the current application and also close webdriver session.</doc>
<status status="PASS" starttime="20210113 09:40:34.207" endtime="20210113 09:40:34.904"></status>
</kw>
<status status="PASS" starttime="20210113 09:39:01.201" endtime="20210113 09:40:34.904"></status>
</kw>
<status status="PASS" starttime="20210113 09:38:17.265" endtime="20210113 09:40:34.905" critical="yes"></status>
</test>
<status status="PASS" starttime="20210113 09:38:17.080" endtime="20210113 09:40:34.906"></status>
</suite>
<statistics>
<total>
<stat pass="1" fail="0">Critical Tests</stat>
<stat pass="1" fail="0">All Tests</stat>
</total>
<tag>
</tag>
<suite>
<stat pass="1" fail="0" id="s1" name="OMSlive">OMSlive</stat>
</suite>
</statistics>
<errors>
<msg timestamp="20210113 09:39:18.922" level="WARN">Error in file 'C:\EclipsePortable-All-cpf\EclipsePortable\Data\workspace\OMSlive\Pages\Weight_Manual.robot' in FOR loop starting on line 30: For loop header ':FOR' is deprecated. Use 'FOR' instead.</msg>
<msg timestamp="20210113 09:39:18.931" level="WARN">Error in file 'C:\EclipsePortable-All-cpf\EclipsePortable\Data\workspace\OMSlive\Pages\Weight_Manual.robot' in FOR loop starting on line 30: Marking for loop body with '\' is deprecated. Remove markers and use 'END' instead.</msg>
<msg timestamp="20210113 09:39:42.247" level="WARN">Error in file 'C:\EclipsePortable-All-cpf\EclipsePortable\Data\workspace\OMSlive\Pages\Weight_Manual.robot' in FOR loop starting on line 40: For loop header ':FOR' is deprecated. Use 'FOR' instead.</msg>
<msg timestamp="20210113 09:39:42.250" level="WARN">Error in file 'C:\EclipsePortable-All-cpf\EclipsePortable\Data\workspace\OMSlive\Pages\Weight_Manual.robot' in FOR loop starting on line 40: Marking for loop body with '\' is deprecated. Remove markers and use 'END' instead.</msg>
<msg timestamp="20210113 09:40:06.077" level="WARN">Error in file 'C:\EclipsePortable-All-cpf\EclipsePortable\Data\workspace\OMSlive\Pages\Weight_Manual.robot' in FOR loop starting on line 49: For loop header ':FOR' is deprecated. Use 'FOR' instead.</msg>
<msg timestamp="20210113 09:40:06.078" level="WARN">Error in file 'C:\EclipsePortable-All-cpf\EclipsePortable\Data\workspace\OMSlive\Pages\Weight_Manual.robot' in FOR loop starting on line 49: Marking for loop body with '\' is deprecated. Remove markers and use 'END' instead.</msg>
</errors>
</robot>
